E1228 00:58:41.364167000    9139 socket_utils_common_posix.cc:223]     check for SO_REUSEPORT: UNKNOWN:Protocol not available {syscall:"getsockopt(SO_REUSEPORT)", os_error:"Protocol not available", errno:92, created_time:"2022-12-28T00:58:41.3633129+01:00"}
DEBUG Pivot node initialized: -1
DEBUG Skeleton node is ready
DEBUG Started node id: 0
DEBUG Skeleton node is ready
DEBUG Started node id: 1
DEBUG Skeleton node is ready
DEBUG Started node id: 2
DEBUG Skeleton node is ready
DEBUG Started node id: 3
DEBUG Skeleton node is ready
DEBUG Started node id: 4
DEBUG Skeleton node is ready
DEBUG Started node id: 5
INFO <0, 00:58:41, 0, -1> ALIVE_MSG
INFO <5, 00:58:41, 5, -1> ALIVE_MSG
INFO <1, 00:58:41, 1, -1> ALIVE_MSG
DEBUG Skeleton node is ready
INFO <2, 00:58:41, 2, -1> ALIVE_MSG
INFO <3, 00:58:41, 3, -1> ALIVE_MSG
INFO <4, 00:58:41, 4, -1> ALIVE_MSG
DEBUG Started node id: 6
DEBUG Nodes {5} is ready
DEBUG Nodes {0, 5} is ready
DEBUG Nodes {0, 1, 5} is ready
DEBUG Nodes {0, 1, 2, 5} is ready
DEBUG Nodes {0, 1, 2, 3, 5} is ready
DEBUG Alive message sent to pivot node
DEBUG Alive message sent to pivot node
DEBUG Alive message sent to pivot node
DEBUG Nodes {0, 1, 2, 3, 4, 5} is ready
INFO <6, 00:58:42, 6, -1> ALIVE_MSG
DEBUG Skeleton node initialized: 5
DEBUG Alive message sent to pivot node
DEBUG Skeleton node is ready
DEBUG Alive message sent to pivot node
DEBUG Skeleton node initialized: 0
DEBUG Skeleton node initialized: 2
DEBUG Alive message sent to pivot node
DEBUG Nodes {0, 1, 2, 3, 4, 5, 6} is ready
DEBUG Skeleton node initialized: 1
DEBUG Started node id: 7
DEBUG Skeleton node initialized: 3
DEBUG Skeleton node initialized: 4
DEBUG Alive message sent to pivot node
DEBUG Skeleton node initialized: 6
INFO <7, 00:58:42, 7, -1> ALIVE_MSG
DEBUG Skeleton node is ready
DEBUG Started node id: 8
DEBUG Nodes {0, 1, 2, 3, 4, 5, 6, 7} is ready
DEBUG Alive message sent to pivot node
DEBUG Skeleton node initialized: 7
INFO <8, 00:58:42, 8, -1> ALIVE_MSG
DEBUG Skeleton node is ready
DEBUG Started node id: 9
DEBUG Nodes {0, 1, 2, 3, 4, 5, 6, 7, 8} is ready
DEBUG Alive message sent to pivot node
DEBUG Skeleton node initialized: 8
INFO <9, 00:58:42, 9, -1> ALIVE_MSG
DEBUG Skeleton node is ready
DEBUG Started node id: 10
DEBUG Nodes {0, 1, 2, 3, 4, 5, 6, 7, 8, 9} is ready
DEBUG Alive message sent to pivot node
DEBUG Skeleton node initialized: 9
INFO <10, 00:58:42, 10, -1> ALIVE_MSG
DEBUG Skeleton node is ready
DEBUG Started node id: 11
DEBUG Nodes {0, 1, 2, 3, 4, 5, 6, 7, 8, 9, 10} is ready
DEBUG Alive message sent to pivot node
DEBUG Skeleton node initialized: 10
DEBUG Skeleton node is ready
INFO <11, 00:58:42, 11, -1> ALIVE_MSG
DEBUG Started node id: 12
INFO <12, 00:58:42, 12, -1> ALIVE_MSG
DEBUG Nodes {0, 1, 2, 3, 4, 5, 6, 7, 8, 9, 10, 11} is ready
DEBUG Skeleton node is ready
DEBUG Started node id: 13
DEBUG Alive message sent to pivot node
DEBUG Skeleton node initialized: 11
INFO <13, 00:58:42, 13, -1> ALIVE_MSG
DEBUG Skeleton node is ready
DEBUG Started node id: 14
DEBUG Nodes {0, 1, 2, 3, 4, 5, 6, 7, 8, 9, 10, 11, 12} is ready
DEBUG Alive message sent to pivot node
DEBUG Skeleton node initialized: 12
INFO <14, 00:58:42, 14, -1> ALIVE_MSG
DEBUG Nodes {0, 1, 2, 3, 4, 5, 6, 7, 8, 9, 10, 11, 12, 13} is ready
DEBUG Skeleton node is ready
DEBUG Started node id: 15
DEBUG Alive message sent to pivot node
DEBUG Skeleton node initialized: 13
DEBUG Nodes {0, 1, 2, 3, 4, 5, 6, 7, 8, 9, 10, 11, 12, 13, 14} is ready
DEBUG Alive message sent to pivot node
DEBUG Skeleton node initialized: 14
INFO <15, 00:58:43, 15, -1> ALIVE_MSG
DEBUG Skeleton node is ready
DEBUG Started node id: 16
DEBUG Nodes {0, 1, 2, 3, 4, 5, 6, 7, 8, 9, 10, 11, 12, 13, 14, 15} is ready
DEBUG Alive message sent to pivot node
INFO <16, 00:58:43, 16, -1> ALIVE_MSG
DEBUG Skeleton node is ready
DEBUG Skeleton node initialized: 15
DEBUG Started node id: 17
DEBUG Nodes {0, 1, 2, 3, 4, 5, 6, 7, 8, 9, 10, 11, 12, 13, 14, 15, 16} is ready
DEBUG Alive message sent to pivot node
DEBUG Skeleton node initialized: 16
INFO <17, 00:58:43, 17, -1> ALIVE_MSG
DEBUG Skeleton node is ready
DEBUG Started node id: 18
DEBUG Nodes {0, 1, 2, 3, 4, 5, 6, 7, 8, 9, 10, 11, 12, 13, 14, 15, 16, 17} is ready
DEBUG Alive message sent to pivot node
DEBUG Skeleton node initialized: 17
INFO <18, 00:58:43, 18, -1> ALIVE_MSG
DEBUG Skeleton node is ready
DEBUG Started node id: 19
DEBUG Nodes {0, 1, 2, 3, 4, 5, 6, 7, 8, 9, 10, 11, 12, 13, 14, 15, 16, 17, 18} is ready
DEBUG Alive message sent to pivot node
DEBUG Skeleton node initialized: 18
INFO <19, 00:58:43, 19, -1> ALIVE_MSG
DEBUG Skeleton node is ready
DEBUG Started node id: 20
DEBUG Nodes {0, 1, 2, 3, 4, 5, 6, 7, 8, 9, 10, 11, 12, 13, 14, 15, 16, 17, 18, 19} is ready
DEBUG Alive message sent to pivot node
DEBUG Skeleton node initialized: 19
INFO <20, 00:58:43, 20, -1> ALIVE_MSG
DEBUG Skeleton node is ready
DEBUG Started node id: 21
DEBUG Nodes {0, 1, 2, 3, 4, 5, 6, 7, 8, 9, 10, 11, 12, 13, 14, 15, 16, 17, 18, 19, 20} is ready
INFO <21, 00:58:43, 21, -1> ALIVE_MSG
DEBUG Skeleton node is ready
DEBUG Alive message sent to pivot node
DEBUG Started node id: 22
DEBUG Skeleton node initialized: 20
DEBUG Nodes {0, 1, 2, 3, 4, 5, 6, 7, 8, 9, 10, 11, 12, 13, 14, 15, 16, 17, 18, 19, 20, 21} is ready
DEBUG Alive message sent to pivot node
DEBUG Skeleton node initialized: 21
INFO <22, 00:58:43, 22, -1> ALIVE_MSG
DEBUG Skeleton node is ready
DEBUG Started node id: 23
DEBUG Nodes {0, 1, 2, 3, 4, 5, 6, 7, 8, 9, 10, 11, 12, 13, 14, 15, 16, 17, 18, 19, 20, 21, 22} is ready
INFO <23, 00:58:43, 23, -1> ALIVE_MSG
DEBUG Skeleton node is ready
DEBUG Alive message sent to pivot node
DEBUG Started node id: 24
DEBUG Skeleton node initialized: 22
DEBUG Nodes {0, 1, 2, 3, 4, 5, 6, 7, 8, 9, 10, 11, 12, 13, 14, 15, 16, 17, 18, 19, 20, 21, 22, 23} is ready
INFO <24, 00:58:43, 24, -1> ALIVE_MSG
DEBUG Skeleton node is ready
DEBUG Alive message sent to pivot node
DEBUG Started node id: 25
DEBUG Skeleton node initialized: 23
DEBUG Nodes {0, 1, 2, 3, 4, 5, 6, 7, 8, 9, 10, 11, 12, 13, 14, 15, 16, 17, 18, 19, 20, 21, 22, 23, 24} is ready
DEBUG Alive message sent to pivot node
INFO <25, 00:58:44, 25, -1> ALIVE_MSG
DEBUG Skeleton node initialized: 24
DEBUG Skeleton node is ready
DEBUG Started node id: 26
INFO <26, 00:58:44, 26, -1> ALIVE_MSG
DEBUG Nodes {0, 1, 2, 3, 4, 5, 6, 7, 8, 9, 10, 11, 12, 13, 14, 15, 16, 17, 18, 19, 20, 21, 22, 23, 24, 25} is ready
DEBUG Skeleton node is ready
DEBUG Started node id: 27
DEBUG Alive message sent to pivot node
DEBUG Skeleton node initialized: 25
DEBUG Nodes {0, 1, 2, 3, 4, 5, 6, 7, 8, 9, 10, 11, 12, 13, 14, 15, 16, 17, 18, 19, 20, 21, 22, 23, 24, 25, 26} is ready
DEBUG Alive message sent to pivot node
INFO <27, 00:58:44, 27, -1> ALIVE_MSG
DEBUG Skeleton node is ready
DEBUG Skeleton node initialized: 26
DEBUG Started node id: 28
DEBUG Nodes {0, 1, 2, 3, 4, 5, 6, 7, 8, 9, 10, 11, 12, 13, 14, 15, 16, 17, 18, 19, 20, 21, 22, 23, 24, 25, 26, 27} is ready
DEBUG Alive message sent to pivot node
INFO <28, 00:58:44, 28, -1> ALIVE_MSG
DEBUG Skeleton node initialized: 27
DEBUG Skeleton node is ready
DEBUG Started node id: 29
INFO <29, 00:58:44, 29, -1> ALIVE_MSG
DEBUG Skeleton node is ready
DEBUG Started node id: 30
DEBUG Nodes {0, 1, 2, 3, 4, 5, 6, 7, 8, 9, 10, 11, 12, 13, 14, 15, 16, 17, 18, 19, 20, 21, 22, 23, 24, 25, 26, 27, 28} is ready
DEBUG Alive message sent to pivot node
DEBUG Skeleton node initialized: 28
INFO <30, 00:58:44, 30, -1> ALIVE_MSG
DEBUG Skeleton node is ready
DEBUG Nodes {0, 1, 2, 3, 4, 5, 6, 7, 8, 9, 10, 11, 12, 13, 14, 15, 16, 17, 18, 19, 20, 21, 22, 23, 24, 25, 26, 27, 28, 29} is ready
DEBUG Started node id: 31
DEBUG Alive message sent to pivot node
DEBUG Skeleton node initialized: 29
DEBUG Nodes {0, 1, 2, 3, 4, 5, 6, 7, 8, 9, 10, 11, 12, 13, 14, 15, 16, 17, 18, 19, 20, 21, 22, 23, 24, 25, 26, 27, 28, 29, 30} is ready
INFO <31, 00:58:44, 31, -1> ALIVE_MSG
DEBUG Skeleton node is ready
DEBUG Started node id: 32
DEBUG Alive message sent to pivot node
DEBUG Skeleton node initialized: 30
DEBUG Skeleton node is ready
DEBUG Started node id: 33
DEBUG Nodes {0, 1, 2, 3, 4, 5, 6, 7, 8, 9, 10, 11, 12, 13, 14, 15, 16, 17, 18, 19, 20, 21, 22, 23, 24, 25, 26, 27, 28, 29, 30, 31} is ready
INFO <32, 00:58:44, 32, -1> ALIVE_MSG
DEBUG Alive message sent to pivot node
INFO <33, 00:58:44, 33, -1> ALIVE_MSG
DEBUG Skeleton node is ready
DEBUG Skeleton node initialized: 31
DEBUG Started node id: 34
DEBUG Nodes {0, 1, 2, 3, 4, 5, 6, 7, 8, 9, 10, 11, 12, 13, 14, 15, 16, 17, 18, 19, 20, 21, 22, 23, 24, 25, 26, 27, 28, 29, 30, 31, 32} is ready
DEBUG Nodes {0, 1, 2, 3, 4, 5, 6, 7, 8, 9, 10, 11, 12, 13, 14, 15, 16, 17, 18, 19, 20, 21, 22, 23, 24, 25, 26, 27, 28, 29, 30, 31, 32, 33} is ready
INFO <34, 00:58:44, 34, -1> ALIVE_MSG
DEBUG Alive message sent to pivot node
DEBUG Skeleton node is ready
DEBUG Alive message sent to pivot node
DEBUG Skeleton node initialized: 32
DEBUG Started node id: 35
DEBUG Skeleton node initialized: 33
DEBUG Nodes {0, 1, 2, 3, 4, 5, 6, 7, 8, 9, 10, 11, 12, 13, 14, 15, 16, 17, 18, 19, 20, 21, 22, 23, 24, 25, 26, 27, 28, 29, 30, 31, 32, 33, 34} is ready
INFO <35, 00:58:44, 35, -1> ALIVE_MSG
DEBUG Skeleton node is ready
DEBUG Started node id: 36
DEBUG Alive message sent to pivot node
DEBUG Skeleton node initialized: 34
DEBUG Nodes {0, 1, 2, 3, 4, 5, 6, 7, 8, 9, 10, 11, 12, 13, 14, 15, 16, 17, 18, 19, 20, 21, 22, 23, 24, 25, 26, 27, 28, 29, 30, 31, 32, 33, 34, 35} is ready
INFO <36, 00:58:44, 36, -1> ALIVE_MSG
DEBUG Skeleton node is ready
DEBUG Started node id: 37
DEBUG Alive message sent to pivot node
DEBUG Skeleton node initialized: 35
DEBUG Nodes {0, 1, 2, 3, 4, 5, 6, 7, 8, 9, 10, 11, 12, 13, 14, 15, 16, 17, 18, 19, 20, 21, 22, 23, 24, 25, 26, 27, 28, 29, 30, 31, 32, 33, 34, 35, 36} is ready
DEBUG Alive message sent to pivot node
DEBUG Skeleton node initialized: 36
INFO <37, 00:58:45, 37, -1> ALIVE_MSG
DEBUG Skeleton node is ready
DEBUG Started node id: 38
DEBUG Nodes {0, 1, 2, 3, 4, 5, 6, 7, 8, 9, 10, 11, 12, 13, 14, 15, 16, 17, 18, 19, 20, 21, 22, 23, 24, 25, 26, 27, 28, 29, 30, 31, 32, 33, 34, 35, 36, 37} is ready
DEBUG Alive message sent to pivot node
DEBUG Skeleton node initialized: 37
INFO <38, 00:58:45, 38, -1> ALIVE_MSG
DEBUG Skeleton node is ready
DEBUG Started node id: 39
DEBUG Nodes {0, 1, 2, 3, 4, 5, 6, 7, 8, 9, 10, 11, 12, 13, 14, 15, 16, 17, 18, 19, 20, 21, 22, 23, 24, 25, 26, 27, 28, 29, 30, 31, 32, 33, 34, 35, 36, 37, 38} is ready
INFO <39, 00:58:45, 39, -1> ALIVE_MSG
DEBUG Alive message sent to pivot node
DEBUG Skeleton node initialized: 38
DEBUG Skeleton node is ready
DEBUG Started node id: 40
DEBUG Nodes {0, 1, 2, 3, 4, 5, 6, 7, 8, 9, 10, 11, 12, 13, 14, 15, 16, 17, 18, 19, 20, 21, 22, 23, 24, 25, 26, 27, 28, 29, 30, 31, 32, 33, 34, 35, 36, 37, 38, 39} is ready
DEBUG Alive message sent to pivot node
DEBUG Skeleton node initialized: 39
INFO <40, 00:58:45, 40, -1> ALIVE_MSG
DEBUG Skeleton node is ready
DEBUG Started node id: 41
INFO <41, 00:58:45, 41, -1> ALIVE_MSG
DEBUG Skeleton node is ready
DEBUG Started node id: 42
DEBUG Nodes {0, 1, 2, 3, 4, 5, 6, 7, 8, 9, 10, 11, 12, 13, 14, 15, 16, 17, 18, 19, 20, 21, 22, 23, 24, 25, 26, 27, 28, 29, 30, 31, 32, 33, 34, 35, 36, 37, 38, 39, 40} is ready
DEBUG Alive message sent to pivot node
DEBUG Skeleton node initialized: 40
DEBUG Nodes {0, 1, 2, 3, 4, 5, 6, 7, 8, 9, 10, 11, 12, 13, 14, 15, 16, 17, 18, 19, 20, 21, 22, 23, 24, 25, 26, 27, 28, 29, 30, 31, 32, 33, 34, 35, 36, 37, 38, 39, 40, 41} is ready
INFO <42, 00:58:45, 42, -1> ALIVE_MSG
DEBUG Alive message sent to pivot node
DEBUG Skeleton node initialized: 41
DEBUG Skeleton node is ready
DEBUG Started node id: 43
DEBUG Nodes {0, 1, 2, 3, 4, 5, 6, 7, 8, 9, 10, 11, 12, 13, 14, 15, 16, 17, 18, 19, 20, 21, 22, 23, 24, 25, 26, 27, 28, 29, 30, 31, 32, 33, 34, 35, 36, 37, 38, 39, 40, 41, 42} is ready
INFO <43, 00:58:45, 43, -1> ALIVE_MSG
DEBUG Skeleton node is ready
DEBUG Alive message sent to pivot node
DEBUG Started node id: 44
DEBUG Skeleton node initialized: 42
DEBUG Nodes {0, 1, 2, 3, 4, 5, 6, 7, 8, 9, 10, 11, 12, 13, 14, 15, 16, 17, 18, 19, 20, 21, 22, 23, 24, 25, 26, 27, 28, 29, 30, 31, 32, 33, 34, 35, 36, 37, 38, 39, 40, 41, 42, 43} is ready
DEBUG Alive message sent to pivot node
DEBUG Skeleton node initialized: 43
INFO <44, 00:58:45, 44, -1> ALIVE_MSG
DEBUG Skeleton node is ready
DEBUG Started node id: 45
INFO <45, 00:58:46, 45, -1> ALIVE_MSG
DEBUG Skeleton node is ready
DEBUG Nodes {0, 1, 2, 3, 4, 5, 6, 7, 8, 9, 10, 11, 12, 13, 14, 15, 16, 17, 18, 19, 20, 21, 22, 23, 24, 25, 26, 27, 28, 29, 30, 31, 32, 33, 34, 35, 36, 37, 38, 39, 40, 41, 42, 43, 44} is ready
DEBUG Started node id: 46
DEBUG Alive message sent to pivot node
DEBUG Skeleton node initialized: 44
DEBUG Nodes {0, 1, 2, 3, 4, 5, 6, 7, 8, 9, 10, 11, 12, 13, 14, 15, 16, 17, 18, 19, 20, 21, 22, 23, 24, 25, 26, 27, 28, 29, 30, 31, 32, 33, 34, 35, 36, 37, 38, 39, 40, 41, 42, 43, 44, 45} is ready
INFO <46, 00:58:46, 46, -1> ALIVE_MSG
DEBUG Alive message sent to pivot node
DEBUG Skeleton node is ready
DEBUG Skeleton node initialized: 45
DEBUG Started node id: 47
INFO <47, 00:58:46, 47, -1> ALIVE_MSG
DEBUG Skeleton node is ready
DEBUG Nodes {0, 1, 2, 3, 4, 5, 6, 7, 8, 9, 10, 11, 12, 13, 14, 15, 16, 17, 18, 19, 20, 21, 22, 23, 24, 25, 26, 27, 28, 29, 30, 31, 32, 33, 34, 35, 36, 37, 38, 39, 40, 41, 42, 43, 44, 45, 46} is ready
DEBUG Started node id: 48
DEBUG Alive message sent to pivot node
DEBUG Nodes {0, 1, 2, 3, 4, 5, 6, 7, 8, 9, 10, 11, 12, 13, 14, 15, 16, 17, 18, 19, 20, 21, 22, 23, 24, 25, 26, 27, 28, 29, 30, 31, 32, 33, 34, 35, 36, 37, 38, 39, 40, 41, 42, 43, 44, 45, 46, 47} is ready
DEBUG Skeleton node initialized: 46
DEBUG Alive message sent to pivot node
DEBUG Skeleton node initialized: 47
INFO <48, 00:58:46, 48, -1> ALIVE_MSG
DEBUG Skeleton node is ready
DEBUG Started node id: 49
INFO <49, 00:58:46, 49, -1> ALIVE_MSG
DEBUG Skeleton node is ready
DEBUG Nodes {0, 1, 2, 3, 4, 5, 6, 7, 8, 9, 10, 11, 12, 13, 14, 15, 16, 17, 18, 19, 20, 21, 22, 23, 24, 25, 26, 27, 28, 29, 30, 31, 32, 33, 34, 35, 36, 37, 38, 39, 40, 41, 42, 43, 44, 45, 46, 47, 48} is ready
DEBUG Started node id: 50
DEBUG Nodes {0, 1, 2, 3, 4, 5, 6, 7, 8, 9, 10, 11, 12, 13, 14, 15, 16, 17, 18, 19, 20, 21, 22, 23, 24, 25, 26, 27, 28, 29, 30, 31, 32, 33, 34, 35, 36, 37, 38, 39, 40, 41, 42, 43, 44, 45, 46, 47, 48, 49} is ready
DEBUG Alive message sent to pivot node
DEBUG Skeleton node initialized: 48
DEBUG Alive message sent to pivot node
INFO <50, 00:58:46, 50, -1> ALIVE_MSG
DEBUG Skeleton node initialized: 49
DEBUG Skeleton node is ready
DEBUG Started node id: 51
DEBUG Nodes {0, 1, 2, 3, 4, 5, 6, 7, 8, 9, 10, 11, 12, 13, 14, 15, 16, 17, 18, 19, 20, 21, 22, 23, 24, 25, 26, 27, 28, 29, 30, 31, 32, 33, 34, 35, 36, 37, 38, 39, 40, 41, 42, 43, 44, 45, 46, 47, 48, 49, 50} is ready
INFO <51, 00:58:46, 51, -1> ALIVE_MSG
DEBUG Skeleton node is ready
DEBUG Started node id: 52
DEBUG Alive message sent to pivot node
INFO <52, 00:58:46, 52, -1> ALIVE_MSG
DEBUG Skeleton node initialized: 50
DEBUG Skeleton node is ready
DEBUG Nodes {0, 1, 2, 3, 4, 5, 6, 7, 8, 9, 10, 11, 12, 13, 14, 15, 16, 17, 18, 19, 20, 21, 22, 23, 24, 25, 26, 27, 28, 29, 30, 31, 32, 33, 34, 35, 36, 37, 38, 39, 40, 41, 42, 43, 44, 45, 46, 47, 48, 49, 50, 51} is ready
DEBUG Started node id: 53
DEBUG Alive message sent to pivot node
DEBUG Skeleton node initialized: 51
INFO <53, 00:58:46, 53, -1> ALIVE_MSG
DEBUG Nodes {0, 1, 2, 3, 4, 5, 6, 7, 8, 9, 10, 11, 12, 13, 14, 15, 16, 17, 18, 19, 20, 21, 22, 23, 24, 25, 26, 27, 28, 29, 30, 31, 32, 33, 34, 35, 36, 37, 38, 39, 40, 41, 42, 43, 44, 45, 46, 47, 48, 49, 50, 51, 52} is ready
DEBUG Skeleton node is ready
DEBUG Started node id: 54
DEBUG Alive message sent to pivot node
DEBUG Skeleton node initialized: 52
INFO <54, 00:58:46, 54, -1> ALIVE_MSG
DEBUG Skeleton node is ready
DEBUG Nodes {0, 1, 2, 3, 4, 5, 6, 7, 8, 9, 10, 11, 12, 13, 14, 15, 16, 17, 18, 19, 20, 21, 22, 23, 24, 25, 26, 27, 28, 29, 30, 31, 32, 33, 34, 35, 36, 37, 38, 39, 40, 41, 42, 43, 44, 45, 46, 47, 48, 49, 50, 51, 52, 53} is ready
DEBUG Started node id: 55
DEBUG Alive message sent to pivot node
DEBUG Skeleton node initialized: 53
INFO <55, 00:58:46, 55, -1> ALIVE_MSG
DEBUG Skeleton node is ready
DEBUG Started node id: 56
DEBUG Nodes {0, 1, 2, 3, 4, 5, 6, 7, 8, 9, 10, 11, 12, 13, 14, 15, 16, 17, 18, 19, 20, 21, 22, 23, 24, 25, 26, 27, 28, 29, 30, 31, 32, 33, 34, 35, 36, 37, 38, 39, 40, 41, 42, 43, 44, 45, 46, 47, 48, 49, 50, 51, 52, 53, 54} is ready
DEBUG Alive message sent to pivot node
INFO <56, 00:58:47, 56, -1> ALIVE_MSG
DEBUG Skeleton node initialized: 54
DEBUG Skeleton node is ready
DEBUG Nodes {0, 1, 2, 3, 4, 5, 6, 7, 8, 9, 10, 11, 12, 13, 14, 15, 16, 17, 18, 19, 20, 21, 22, 23, 24, 25, 26, 27, 28, 29, 30, 31, 32, 33, 34, 35, 36, 37, 38, 39, 40, 41, 42, 43, 44, 45, 46, 47, 48, 49, 50, 51, 52, 53, 54, 55} is ready
DEBUG Started node id: 57
DEBUG Alive message sent to pivot node
DEBUG Skeleton node initialized: 55
INFO <57, 00:58:47, 57, -1> ALIVE_MSG
DEBUG Skeleton node is ready
DEBUG Started node id: 58
DEBUG Nodes {0, 1, 2, 3, 4, 5, 6, 7, 8, 9, 10, 11, 12, 13, 14, 15, 16, 17, 18, 19, 20, 21, 22, 23, 24, 25, 26, 27, 28, 29, 30, 31, 32, 33, 34, 35, 36, 37, 38, 39, 40, 41, 42, 43, 44, 45, 46, 47, 48, 49, 50, 51, 52, 53, 54, 55, 56} is ready
DEBUG Alive message sent to pivot node
DEBUG Skeleton node initialized: 56
DEBUG Nodes {0, 1, 2, 3, 4, 5, 6, 7, 8, 9, 10, 11, 12, 13, 14, 15, 16, 17, 18, 19, 20, 21, 22, 23, 24, 25, 26, 27, 28, 29, 30, 31, 32, 33, 34, 35, 36, 37, 38, 39, 40, 41, 42, 43, 44, 45, 46, 47, 48, 49, 50, 51, 52, 53, 54, 55, 56, 57} is ready
INFO <58, 00:58:47, 58, -1> ALIVE_MSG
DEBUG Skeleton node is ready
DEBUG Started node id: 59
DEBUG Alive message sent to pivot node
DEBUG Skeleton node initialized: 57
DEBUG Nodes {0, 1, 2, 3, 4, 5, 6, 7, 8, 9, 10, 11, 12, 13, 14, 15, 16, 17, 18, 19, 20, 21, 22, 23, 24, 25, 26, 27, 28, 29, 30, 31, 32, 33, 34, 35, 36, 37, 38, 39, 40, 41, 42, 43, 44, 45, 46, 47, 48, 49, 50, 51, 52, 53, 54, 55, 56, 57, 58} is ready
DEBUG Alive message sent to pivot node
DEBUG Skeleton node initialized: 58
INFO <59, 00:58:47, 59, -1> ALIVE_MSG
DEBUG Skeleton node is ready
DEBUG Started node id: 60
DEBUG Nodes {0, 1, 2, 3, 4, 5, 6, 7, 8, 9, 10, 11, 12, 13, 14, 15, 16, 17, 18, 19, 20, 21, 22, 23, 24, 25, 26, 27, 28, 29, 30, 31, 32, 33, 34, 35, 36, 37, 38, 39, 40, 41, 42, 43, 44, 45, 46, 47, 48, 49, 50, 51, 52, 53, 54, 55, 56, 57, 58, 59} is ready
INFO <60, 00:58:47, 60, -1> ALIVE_MSG
DEBUG Skeleton node is ready
DEBUG Alive message sent to pivot node
DEBUG Started node id: 61
DEBUG Skeleton node initialized: 59
INFO <61, 00:58:47, 61, -1> ALIVE_MSG
DEBUG Skeleton node is ready
DEBUG Started node id: 62
INFO <62, 00:58:47, 62, -1> ALIVE_MSG
DEBUG Nodes {0, 1, 2, 3, 4, 5, 6, 7, 8, 9, 10, 11, 12, 13, 14, 15, 16, 17, 18, 19, 20, 21, 22, 23, 24, 25, 26, 27, 28, 29, 30, 31, 32, 33, 34, 35, 36, 37, 38, 39, 40, 41, 42, 43, 44, 45, 46, 47, 48, 49, 50, 51, 52, 53, 54, 55, 56, 57, 58, 59, 61} is ready
DEBUG Nodes {0, 1, 2, 3, 4, 5, 6, 7, 8, 9, 10, 11, 12, 13, 14, 15, 16, 17, 18, 19, 20, 21, 22, 23, 24, 25, 26, 27, 28, 29, 30, 31, 32, 33, 34, 35, 36, 37, 38, 39, 40, 41, 42, 43, 44, 45, 46, 47, 48, 49, 50, 51, 52, 53, 54, 55, 56, 57, 58, 59, 60, 61} is ready
DEBUG Skeleton node is ready
DEBUG Alive message sent to pivot node
DEBUG Alive message sent to pivot node
DEBUG Started node id: 63
DEBUG Skeleton node initialized: 61
DEBUG Skeleton node initialized: 60
DEBUG Nodes {0, 1, 2, 3, 4, 5, 6, 7, 8, 9, 10, 11, 12, 13, 14, 15, 16, 17, 18, 19, 20, 21, 22, 23, 24, 25, 26, 27, 28, 29, 30, 31, 32, 33, 34, 35, 36, 37, 38, 39, 40, 41, 42, 43, 44, 45, 46, 47, 48, 49, 50, 51, 52, 53, 54, 55, 56, 57, 58, 59, 60, 61, 62} is ready
DEBUG Alive message sent to pivot node
DEBUG Skeleton node initialized: 62
INFO <63, 00:58:47, 63, -1> ALIVE_MSG
DEBUG Skeleton node is ready
DEBUG Nodes {0, 1, 2, 3, 4, 5, 6, 7, 8, 9, 10, 11, 12, 13, 14, 15, 16, 17, 18, 19, 20, 21, 22, 23, 24, 25, 26, 27, 28, 29, 30, 31, 32, 33, 34, 35, 36, 37, 38, 39, 40, 41, 42, 43, 44, 45, 46, 47, 48, 49, 50, 51, 52, 53, 54, 55, 56, 57, 58, 59, 60, 61, 62, 63} is ready
DEBUG All nodes are ready
DEBUG Initialized connections for node id: 0
DEBUG Connections initialized
DEBUG Initialized connections for node id: 1
DEBUG Connections initialized
DEBUG Initialized connections for node id: 2
DEBUG Connections initialized
DEBUG Initialized connections for node id: 3
DEBUG Connections initialized
DEBUG Initialized connections for node id: 4
DEBUG Connections initialized
DEBUG Initialized connections for node id: 5
DEBUG Alive message sent to pivot node
DEBUG Skeleton node initialized: 63
DEBUG Connections initialized
DEBUG Initialized connections for node id: 6
DEBUG Connections initialized
DEBUG Initialized connections for node id: 7
DEBUG Connections initialized
DEBUG Initialized connections for node id: 8
DEBUG Connections initialized
DEBUG Initialized connections for node id: 9
DEBUG Connections initialized
DEBUG Initialized connections for node id: 10
DEBUG Connections initialized
DEBUG Initialized connections for node id: 11
DEBUG Connections initialized
DEBUG Initialized connections for node id: 12
DEBUG Connections initialized
DEBUG Initialized connections for node id: 13
DEBUG Connections initialized
DEBUG Initialized connections for node id: 14
DEBUG Connections initialized
DEBUG Initialized connections for node id: 15
DEBUG Connections initialized
DEBUG Initialized connections for node id: 16
DEBUG Connections initialized
DEBUG Initialized connections for node id: 17
DEBUG Connections initialized
DEBUG Initialized connections for node id: 18
DEBUG Connections initialized
DEBUG Initialized connections for node id: 19
DEBUG Connections initialized
DEBUG Initialized connections for node id: 20
DEBUG Connections initialized
DEBUG Initialized connections for node id: 21
DEBUG Connections initialized
DEBUG Initialized connections for node id: 22
DEBUG Connections initialized
DEBUG Initialized connections for node id: 23
DEBUG Connections initialized
DEBUG Initialized connections for node id: 24
DEBUG Connections initialized
DEBUG Initialized connections for node id: 25
DEBUG Connections initialized
DEBUG Initialized connections for node id: 26
DEBUG Connections initialized
DEBUG Initialized connections for node id: 27
DEBUG Connections initialized
DEBUG Initialized connections for node id: 28
DEBUG Connections initialized
DEBUG Initialized connections for node id: 29
DEBUG Connections initialized
DEBUG Initialized connections for node id: 30
DEBUG Connections initialized
DEBUG Initialized connections for node id: 31
DEBUG Connections initialized
DEBUG Initialized connections for node id: 32
DEBUG Connections initialized
DEBUG Initialized connections for node id: 33
DEBUG Connections initialized
DEBUG Initialized connections for node id: 34
DEBUG Connections initialized
DEBUG Initialized connections for node id: 35
DEBUG Connections initialized
DEBUG Initialized connections for node id: 36
DEBUG Connections initialized
DEBUG Initialized connections for node id: 37
DEBUG Connections initialized
DEBUG Initialized connections for node id: 38
DEBUG Connections initialized
DEBUG Initialized connections for node id: 39
DEBUG Connections initialized
DEBUG Initialized connections for node id: 40
DEBUG Connections initialized
DEBUG Initialized connections for node id: 41
DEBUG Connections initialized
DEBUG Initialized connections for node id: 42
DEBUG Connections initialized
DEBUG Initialized connections for node id: 43
DEBUG Connections initialized
DEBUG Initialized connections for node id: 44
DEBUG Connections initialized
DEBUG Initialized connections for node id: 45
DEBUG Connections initialized
DEBUG Initialized connections for node id: 46
DEBUG Connections initialized
DEBUG Initialized connections for node id: 47
DEBUG Connections initialized
DEBUG Initialized connections for node id: 48
DEBUG Connections initialized
DEBUG Initialized connections for node id: 49
DEBUG Connections initialized
DEBUG Initialized connections for node id: 50
DEBUG Connections initialized
DEBUG Initialized connections for node id: 51
DEBUG Connections initialized
DEBUG Initialized connections for node id: 52
DEBUG Connections initialized
DEBUG Initialized connections for node id: 53
DEBUG Connections initialized
DEBUG Initialized connections for node id: 54
DEBUG Connections initialized
DEBUG Initialized connections for node id: 55
DEBUG Connections initialized
DEBUG Initialized connections for node id: 56
DEBUG Connections initialized
DEBUG Initialized connections for node id: 57
DEBUG Connections initialized
DEBUG Initialized connections for node id: 58
DEBUG Connections initialized
DEBUG Initialized connections for node id: 59
DEBUG Connections initialized
DEBUG Initialized connections for node id: 60
DEBUG Connections initialized
DEBUG Initialized connections for node id: 61
DEBUG Connections initialized
DEBUG Initialized connections for node id: 62
DEBUG Connections initialized
DEBUG Initialized connections for node id: 63
DEBUG Connections initialized
DEBUG Sending election message 0 to Direction.NEXT
INFO <1, 00:58:47, 0, 1> ALGORITHM
DEBUG Sending election message 1 to Direction.NEXT
INFO <2, 00:58:47, 1, 2> ALGORITHM
DEBUG Sending election message 2 to Direction.NEXT
INFO <3, 00:58:47, 2, 3> ALGORITHM
DEBUG Sending election message 3 to Direction.NEXT
INFO <4, 00:58:47, 3, 4> ALGORITHM
DEBUG Sending election message 4 to Direction.NEXT
INFO <5, 00:58:47, 4, 5> ALGORITHM
DEBUG Sending election message 5 to Direction.NEXT
INFO <6, 00:58:47, 5, 6> ALGORITHM
DEBUG Sending election message 6 to Direction.NEXT
INFO <7, 00:58:47, 6, 7> ALGORITHM
DEBUG Sending election message 7 to Direction.NEXT
INFO <8, 00:58:47, 7, 8> ALGORITHM
DEBUG Sending election message 8 to Direction.NEXT
INFO <9, 00:58:47, 8, 9> ALGORITHM
DEBUG Sending election message 9 to Direction.NEXT
INFO <10, 00:58:47, 9, 10> ALGORITHM
DEBUG Sending election message 10 to Direction.NEXT
INFO <11, 00:58:47, 10, 11> ALGORITHM
DEBUG Sending election message 11 to Direction.NEXT
INFO <12, 00:58:47, 11, 12> ALGORITHM
DEBUG Sending election message 12 to Direction.NEXT
INFO <13, 00:58:47, 12, 13> ALGORITHM
DEBUG Sending election message 13 to Direction.NEXT
INFO <14, 00:58:48, 13, 14> ALGORITHM
DEBUG Sending election message 14 to Direction.NEXT
INFO <15, 00:58:48, 14, 15> ALGORITHM
DEBUG Sending election message 15 to Direction.NEXT
INFO <16, 00:58:48, 15, 16> ALGORITHM
DEBUG Sending election message 16 to Direction.NEXT
INFO <17, 00:58:48, 16, 17> ALGORITHM
DEBUG Sending election message 17 to Direction.NEXT
INFO <18, 00:58:48, 17, 18> ALGORITHM
DEBUG Sending election message 18 to Direction.NEXT
INFO <19, 00:58:48, 18, 19> ALGORITHM
DEBUG Sending election message 19 to Direction.NEXT
INFO <20, 00:58:48, 19, 20> ALGORITHM
DEBUG Sending election message 20 to Direction.NEXT
INFO <21, 00:58:48, 20, 21> ALGORITHM
DEBUG Sending election message 21 to Direction.NEXT
INFO <22, 00:58:48, 21, 22> ALGORITHM
DEBUG Sending election message 22 to Direction.NEXT
INFO <23, 00:58:48, 22, 23> ALGORITHM
DEBUG Sending election message 23 to Direction.NEXT
INFO <24, 00:58:48, 23, 24> ALGORITHM
DEBUG Sending election message 24 to Direction.NEXT
INFO <25, 00:58:48, 24, 25> ALGORITHM
DEBUG Sending election message 25 to Direction.NEXT
INFO <26, 00:58:48, 25, 26> ALGORITHM
DEBUG Sending election message 26 to Direction.NEXT
INFO <27, 00:58:48, 26, 27> ALGORITHM
DEBUG Sending election message 27 to Direction.NEXT
INFO <28, 00:58:48, 27, 28> ALGORITHM
DEBUG Sending election message 28 to Direction.NEXT
INFO <29, 00:58:48, 28, 29> ALGORITHM
DEBUG Sending election message 29 to Direction.NEXT
INFO <30, 00:58:48, 29, 30> ALGORITHM
DEBUG Sending election message 30 to Direction.NEXT
INFO <31, 00:58:48, 30, 31> ALGORITHM
DEBUG Sending election message 31 to Direction.NEXT
INFO <32, 00:58:48, 31, 32> ALGORITHM
DEBUG Sending election message 32 to Direction.NEXT
INFO <33, 00:58:48, 32, 33> ALGORITHM
DEBUG Sending election message 33 to Direction.NEXT
INFO <34, 00:58:48, 33, 34> ALGORITHM
DEBUG Sending election message 34 to Direction.NEXT
INFO <35, 00:58:48, 34, 35> ALGORITHM
DEBUG Sending election message 35 to Direction.NEXT
INFO <36, 00:58:48, 35, 36> ALGORITHM
DEBUG Sending election message 36 to Direction.NEXT
INFO <37, 00:58:48, 36, 37> ALGORITHM
DEBUG Sending election message 37 to Direction.NEXT
INFO <38, 00:58:48, 37, 38> ALGORITHM
DEBUG Sending election message 38 to Direction.NEXT
INFO <39, 00:58:48, 38, 39> ALGORITHM
DEBUG Sending election message 39 to Direction.NEXT
INFO <40, 00:58:48, 39, 40> ALGORITHM
DEBUG Sending election message 40 to Direction.NEXT
INFO <41, 00:58:48, 40, 41> ALGORITHM
DEBUG Sending election message 41 to Direction.NEXT
INFO <42, 00:58:48, 41, 42> ALGORITHM
DEBUG Sending election message 42 to Direction.NEXT
INFO <43, 00:58:48, 42, 43> ALGORITHM
DEBUG Sending election message 43 to Direction.NEXT
INFO <44, 00:58:48, 43, 44> ALGORITHM
DEBUG Sending election message 44 to Direction.NEXT
INFO <45, 00:58:48, 44, 45> ALGORITHM
DEBUG Sending election message 45 to Direction.NEXT
INFO <46, 00:58:48, 45, 46> ALGORITHM
DEBUG Sending election message 46 to Direction.NEXT
INFO <47, 00:58:48, 46, 47> ALGORITHM
DEBUG Sending election message 47 to Direction.NEXT
INFO <48, 00:58:48, 47, 48> ALGORITHM
DEBUG Sending election message 48 to Direction.NEXT
INFO <49, 00:58:48, 48, 49> ALGORITHM
DEBUG Sending election message 49 to Direction.NEXT
INFO <50, 00:58:48, 49, 50> ALGORITHM
DEBUG Sending election message 50 to Direction.NEXT
INFO <51, 00:58:48, 50, 51> ALGORITHM
DEBUG Sending election message 51 to Direction.NEXT
INFO <52, 00:58:48, 51, 52> ALGORITHM
DEBUG Sending election message 52 to Direction.NEXT
INFO <53, 00:58:48, 52, 53> ALGORITHM
DEBUG Sending election message 53 to Direction.NEXT
INFO <54, 00:58:48, 53, 54> ALGORITHM
DEBUG Sending election message 54 to Direction.NEXT
INFO <55, 00:58:48, 54, 55> ALGORITHM
DEBUG Sending election message 55 to Direction.NEXT
INFO <56, 00:58:48, 55, 56> ALGORITHM
DEBUG Sending election message 56 to Direction.NEXT
INFO <57, 00:58:48, 56, 57> ALGORITHM
DEBUG Sending election message 57 to Direction.NEXT
INFO <58, 00:58:48, 57, 58> ALGORITHM
DEBUG Sending election message 58 to Direction.NEXT
INFO <59, 00:58:48, 58, 59> ALGORITHM
DEBUG Sending election message 59 to Direction.NEXT
INFO <60, 00:58:48, 59, 60> ALGORITHM
DEBUG Sending election message 60 to Direction.NEXT
INFO <61, 00:58:48, 60, 61> ALGORITHM
DEBUG Sending election message 61 to Direction.NEXT
INFO <62, 00:58:48, 61, 62> ALGORITHM
DEBUG Sending election message 62 to Direction.NEXT
INFO <63, 00:58:48, 62, 63> ALGORITHM
DEBUG Sending election message 63 to Direction.NEXT
INFO <0, 00:58:48, 63, 0> ALGORITHM
DEBUG Sending election message 0 to Direction.NEXT
INFO <1, 00:58:48, 0, 1> ALGORITHM
DEBUG I am defeated 1 by 0
DEBUG Sending election message 0 to Direction.NEXT
INFO <2, 00:58:48, 0, 2> ALGORITHM
DEBUG I am defeated 2 by 0
DEBUG Sending election message 0 to Direction.NEXT
INFO <3, 00:58:48, 0, 3> ALGORITHM
DEBUG I am defeated 3 by 0
DEBUG Sending election message 0 to Direction.NEXT
INFO <4, 00:58:48, 0, 4> ALGORITHM
DEBUG I am defeated 4 by 0
DEBUG Sending election message 0 to Direction.NEXT
INFO <5, 00:58:48, 0, 5> ALGORITHM
DEBUG I am defeated 5 by 0
DEBUG Sending election message 0 to Direction.NEXT
INFO <6, 00:58:48, 0, 6> ALGORITHM
DEBUG I am defeated 6 by 0
DEBUG Sending election message 0 to Direction.NEXT
INFO <7, 00:58:48, 0, 7> ALGORITHM
DEBUG I am defeated 7 by 0
DEBUG Sending election message 0 to Direction.NEXT
INFO <8, 00:58:48, 0, 8> ALGORITHM
DEBUG I am defeated 8 by 0
DEBUG Sending election message 0 to Direction.NEXT
INFO <9, 00:58:48, 0, 9> ALGORITHM
DEBUG I am defeated 9 by 0
DEBUG Sending election message 0 to Direction.NEXT
INFO <10, 00:58:48, 0, 10> ALGORITHM
DEBUG I am defeated 10 by 0
DEBUG Sending election message 0 to Direction.NEXT
INFO <11, 00:58:48, 0, 11> ALGORITHM
DEBUG I am defeated 11 by 0
DEBUG Sending election message 0 to Direction.NEXT
INFO <12, 00:58:48, 0, 12> ALGORITHM
DEBUG I am defeated 12 by 0
DEBUG Sending election message 0 to Direction.NEXT
INFO <13, 00:58:48, 0, 13> ALGORITHM
DEBUG I am defeated 13 by 0
DEBUG Sending election message 0 to Direction.NEXT
INFO <14, 00:58:48, 0, 14> ALGORITHM
DEBUG I am defeated 14 by 0
DEBUG Sending election message 0 to Direction.NEXT
INFO <15, 00:58:48, 0, 15> ALGORITHM
DEBUG I am defeated 15 by 0
DEBUG Sending election message 0 to Direction.NEXT
INFO <16, 00:58:48, 0, 16> ALGORITHM
DEBUG I am defeated 16 by 0
DEBUG Sending election message 0 to Direction.NEXT
INFO <17, 00:58:48, 0, 17> ALGORITHM
DEBUG I am defeated 17 by 0
DEBUG Sending election message 0 to Direction.NEXT
INFO <18, 00:58:48, 0, 18> ALGORITHM
DEBUG I am defeated 18 by 0
DEBUG Sending election message 0 to Direction.NEXT
INFO <19, 00:58:48, 0, 19> ALGORITHM
DEBUG I am defeated 19 by 0
DEBUG Sending election message 0 to Direction.NEXT
INFO <20, 00:58:48, 0, 20> ALGORITHM
DEBUG I am defeated 20 by 0
DEBUG Sending election message 0 to Direction.NEXT
INFO <21, 00:58:48, 0, 21> ALGORITHM
DEBUG I am defeated 21 by 0
DEBUG Sending election message 0 to Direction.NEXT
INFO <22, 00:58:48, 0, 22> ALGORITHM
DEBUG I am defeated 22 by 0
DEBUG Sending election message 0 to Direction.NEXT
INFO <23, 00:58:48, 0, 23> ALGORITHM
DEBUG I am defeated 23 by 0
DEBUG Sending election message 0 to Direction.NEXT
INFO <24, 00:58:48, 0, 24> ALGORITHM
DEBUG I am defeated 24 by 0
DEBUG Sending election message 0 to Direction.NEXT
INFO <25, 00:58:48, 0, 25> ALGORITHM
DEBUG I am defeated 25 by 0
DEBUG Sending election message 0 to Direction.NEXT
INFO <26, 00:58:48, 0, 26> ALGORITHM
DEBUG I am defeated 26 by 0
DEBUG Sending election message 0 to Direction.NEXT
INFO <27, 00:58:48, 0, 27> ALGORITHM
DEBUG I am defeated 27 by 0
DEBUG Sending election message 0 to Direction.NEXT
INFO <28, 00:58:48, 0, 28> ALGORITHM
DEBUG I am defeated 28 by 0
DEBUG Sending election message 0 to Direction.NEXT
INFO <29, 00:58:48, 0, 29> ALGORITHM
DEBUG I am defeated 29 by 0
DEBUG Sending election message 0 to Direction.NEXT
INFO <30, 00:58:48, 0, 30> ALGORITHM
DEBUG I am defeated 30 by 0
DEBUG Sending election message 0 to Direction.NEXT
INFO <31, 00:58:48, 0, 31> ALGORITHM
DEBUG I am defeated 31 by 0
DEBUG Sending election message 0 to Direction.NEXT
INFO <32, 00:58:48, 0, 32> ALGORITHM
DEBUG I am defeated 32 by 0
DEBUG Sending election message 0 to Direction.NEXT
INFO <33, 00:58:48, 0, 33> ALGORITHM
DEBUG I am defeated 33 by 0
DEBUG Sending election message 0 to Direction.NEXT
INFO <34, 00:58:48, 0, 34> ALGORITHM
DEBUG I am defeated 34 by 0
DEBUG Sending election message 0 to Direction.NEXT
INFO <35, 00:58:48, 0, 35> ALGORITHM
DEBUG I am defeated 35 by 0
DEBUG Sending election message 0 to Direction.NEXT
INFO <36, 00:58:48, 0, 36> ALGORITHM
DEBUG I am defeated 36 by 0
DEBUG Sending election message 0 to Direction.NEXT
INFO <37, 00:58:48, 0, 37> ALGORITHM
DEBUG I am defeated 37 by 0
DEBUG Sending election message 0 to Direction.NEXT
INFO <38, 00:58:48, 0, 38> ALGORITHM
DEBUG I am defeated 38 by 0
DEBUG Sending election message 0 to Direction.NEXT
INFO <39, 00:58:48, 0, 39> ALGORITHM
DEBUG I am defeated 39 by 0
DEBUG Sending election message 0 to Direction.NEXT
INFO <40, 00:58:48, 0, 40> ALGORITHM
DEBUG I am defeated 40 by 0
DEBUG Sending election message 0 to Direction.NEXT
INFO <41, 00:58:48, 0, 41> ALGORITHM
DEBUG I am defeated 41 by 0
DEBUG Sending election message 0 to Direction.NEXT
INFO <42, 00:58:48, 0, 42> ALGORITHM
DEBUG I am defeated 42 by 0
DEBUG Sending election message 0 to Direction.NEXT
INFO <43, 00:58:48, 0, 43> ALGORITHM
DEBUG I am defeated 43 by 0
DEBUG Sending election message 0 to Direction.NEXT
INFO <44, 00:58:48, 0, 44> ALGORITHM
DEBUG I am defeated 44 by 0
DEBUG Sending election message 0 to Direction.NEXT
INFO <45, 00:58:48, 0, 45> ALGORITHM
DEBUG I am defeated 45 by 0
DEBUG Sending election message 0 to Direction.NEXT
INFO <46, 00:58:48, 0, 46> ALGORITHM
DEBUG I am defeated 46 by 0
DEBUG Sending election message 0 to Direction.NEXT
INFO <47, 00:58:48, 0, 47> ALGORITHM
DEBUG I am defeated 47 by 0
DEBUG Sending election message 0 to Direction.NEXT
INFO <48, 00:58:48, 0, 48> ALGORITHM
DEBUG I am defeated 48 by 0
DEBUG Sending election message 0 to Direction.NEXT
INFO <49, 00:58:48, 0, 49> ALGORITHM
DEBUG I am defeated 49 by 0
DEBUG Sending election message 0 to Direction.NEXT
INFO <50, 00:58:48, 0, 50> ALGORITHM
DEBUG I am defeated 50 by 0
DEBUG Sending election message 0 to Direction.NEXT
INFO <51, 00:58:48, 0, 51> ALGORITHM
DEBUG I am defeated 51 by 0
DEBUG Sending election message 0 to Direction.NEXT
INFO <52, 00:58:48, 0, 52> ALGORITHM
DEBUG I am defeated 52 by 0
DEBUG Sending election message 0 to Direction.NEXT
INFO <53, 00:58:48, 0, 53> ALGORITHM
DEBUG I am defeated 53 by 0
DEBUG Sending election message 0 to Direction.NEXT
INFO <54, 00:58:48, 0, 54> ALGORITHM
DEBUG I am defeated 54 by 0
DEBUG Sending election message 0 to Direction.NEXT
INFO <55, 00:58:48, 0, 55> ALGORITHM
DEBUG I am defeated 55 by 0
DEBUG Sending election message 0 to Direction.NEXT
INFO <56, 00:58:48, 0, 56> ALGORITHM
DEBUG I am defeated 56 by 0
DEBUG Sending election message 0 to Direction.NEXT
INFO <57, 00:58:48, 0, 57> ALGORITHM
DEBUG I am defeated 57 by 0
DEBUG Sending election message 0 to Direction.NEXT
INFO <58, 00:58:48, 0, 58> ALGORITHM
DEBUG I am defeated 58 by 0
DEBUG Sending election message 0 to Direction.NEXT
INFO <59, 00:58:48, 0, 59> ALGORITHM
DEBUG I am defeated 59 by 0
DEBUG Sending election message 0 to Direction.NEXT
INFO <60, 00:58:48, 0, 60> ALGORITHM
DEBUG I am defeated 60 by 0
DEBUG Sending election message 0 to Direction.NEXT
INFO <61, 00:58:48, 0, 61> ALGORITHM
DEBUG I am defeated 61 by 0
DEBUG Sending election message 0 to Direction.NEXT
INFO <62, 00:58:48, 0, 62> ALGORITHM
DEBUG I am defeated 62 by 0
DEBUG Sending election message 0 to Direction.NEXT
INFO <63, 00:58:48, 0, 63> ALGORITHM
DEBUG I am defeated 63 by 0
DEBUG Sending election message 0 to Direction.NEXT
INFO <0, 00:58:48, 0, 0> ALGORITHM
DEBUG I am the leader 0
DEBUG Sending termination message from 0 to 0 Direction.NEXT
DEBUG Termination message on 1 received from 0
DEBUG Sending termination message from 1 to 0 Direction.NEXT
DEBUG Termination message on 2 received from 0
DEBUG Sending termination message from 2 to 0 Direction.NEXT
DEBUG Termination message on 3 received from 0
DEBUG Sending termination message from 3 to 0 Direction.NEXT
DEBUG Termination message on 4 received from 0
DEBUG Sending termination message from 4 to 0 Direction.NEXT
DEBUG Termination message on 5 received from 0
DEBUG Sending termination message from 5 to 0 Direction.NEXT
DEBUG Termination message on 6 received from 0
DEBUG Sending termination message from 6 to 0 Direction.NEXT
DEBUG Termination message on 7 received from 0
DEBUG Sending termination message from 7 to 0 Direction.NEXT
DEBUG Termination message on 8 received from 0
DEBUG Sending termination message from 8 to 0 Direction.NEXT
DEBUG Termination message on 9 received from 0
DEBUG Sending termination message from 9 to 0 Direction.NEXT
DEBUG Termination message on 10 received from 0
DEBUG Sending termination message from 10 to 0 Direction.NEXT
DEBUG Termination message on 11 received from 0
DEBUG Sending termination message from 11 to 0 Direction.NEXT
DEBUG Termination message on 12 received from 0
DEBUG Sending termination message from 12 to 0 Direction.NEXT
DEBUG Termination message on 13 received from 0
DEBUG Sending termination message from 13 to 0 Direction.NEXT
DEBUG Termination message on 14 received from 0
DEBUG Sending termination message from 14 to 0 Direction.NEXT
DEBUG Termination message on 15 received from 0
DEBUG Sending termination message from 15 to 0 Direction.NEXT
DEBUG Termination message on 16 received from 0
DEBUG Sending termination message from 16 to 0 Direction.NEXT
DEBUG Termination message on 17 received from 0
DEBUG Sending termination message from 17 to 0 Direction.NEXT
DEBUG Termination message on 18 received from 0
DEBUG Sending termination message from 18 to 0 Direction.NEXT
DEBUG Termination message on 19 received from 0
DEBUG Sending termination message from 19 to 0 Direction.NEXT
DEBUG Termination message on 20 received from 0
DEBUG Sending termination message from 20 to 0 Direction.NEXT
DEBUG Termination message on 21 received from 0
DEBUG Sending termination message from 21 to 0 Direction.NEXT
DEBUG Termination message on 22 received from 0
DEBUG Sending termination message from 22 to 0 Direction.NEXT
DEBUG Termination message on 23 received from 0
DEBUG Sending termination message from 23 to 0 Direction.NEXT
DEBUG Termination message on 24 received from 0
DEBUG Sending termination message from 24 to 0 Direction.NEXT
DEBUG Termination message on 25 received from 0
DEBUG Sending termination message from 25 to 0 Direction.NEXT
DEBUG Termination message on 26 received from 0
DEBUG Sending termination message from 26 to 0 Direction.NEXT
DEBUG Termination message on 27 received from 0
DEBUG Sending termination message from 27 to 0 Direction.NEXT
DEBUG Termination message on 28 received from 0
DEBUG Sending termination message from 28 to 0 Direction.NEXT
DEBUG Termination message on 29 received from 0
DEBUG Sending termination message from 29 to 0 Direction.NEXT
DEBUG Termination message on 30 received from 0
DEBUG Sending termination message from 30 to 0 Direction.NEXT
DEBUG Termination message on 31 received from 0
DEBUG Sending termination message from 31 to 0 Direction.NEXT
DEBUG Termination message on 32 received from 0
DEBUG Sending termination message from 32 to 0 Direction.NEXT
DEBUG Termination message on 33 received from 0
DEBUG Sending termination message from 33 to 0 Direction.NEXT
DEBUG Termination message on 34 received from 0
DEBUG Sending termination message from 34 to 0 Direction.NEXT
DEBUG Termination message on 35 received from 0
DEBUG Sending termination message from 35 to 0 Direction.NEXT
DEBUG Termination message on 36 received from 0
DEBUG Sending termination message from 36 to 0 Direction.NEXT
DEBUG Termination message on 37 received from 0
DEBUG Sending termination message from 37 to 0 Direction.NEXT
DEBUG Termination message on 38 received from 0
DEBUG Sending termination message from 38 to 0 Direction.NEXT
DEBUG Termination message on 39 received from 0
DEBUG Sending termination message from 39 to 0 Direction.NEXT
DEBUG Termination message on 40 received from 0
DEBUG Sending termination message from 40 to 0 Direction.NEXT
DEBUG Termination message on 41 received from 0
DEBUG Sending termination message from 41 to 0 Direction.NEXT
DEBUG Termination message on 42 received from 0
DEBUG Sending termination message from 42 to 0 Direction.NEXT
DEBUG Termination message on 43 received from 0
DEBUG Sending termination message from 43 to 0 Direction.NEXT
DEBUG Termination message on 44 received from 0
DEBUG Sending termination message from 44 to 0 Direction.NEXT
DEBUG Termination message on 45 received from 0
DEBUG Sending termination message from 45 to 0 Direction.NEXT
DEBUG Termination message on 46 received from 0
DEBUG Sending termination message from 46 to 0 Direction.NEXT
DEBUG Termination message on 47 received from 0
DEBUG Sending termination message from 47 to 0 Direction.NEXT
DEBUG Termination message on 48 received from 0
DEBUG Sending termination message from 48 to 0 Direction.NEXT
DEBUG Termination message on 49 received from 0
DEBUG Sending termination message from 49 to 0 Direction.NEXT
DEBUG Termination message on 50 received from 0
DEBUG Sending termination message from 50 to 0 Direction.NEXT
DEBUG Termination message on 51 received from 0
DEBUG Sending termination message from 51 to 0 Direction.NEXT
DEBUG Termination message on 52 received from 0
DEBUG Sending termination message from 52 to 0 Direction.NEXT
DEBUG Termination message on 53 received from 0
DEBUG Sending termination message from 53 to 0 Direction.NEXT
DEBUG Termination message on 54 received from 0
DEBUG Sending termination message from 54 to 0 Direction.NEXT
DEBUG Termination message on 55 received from 0
DEBUG Sending termination message from 55 to 0 Direction.NEXT
DEBUG Termination message on 56 received from 0
DEBUG Sending termination message from 56 to 0 Direction.NEXT
DEBUG Termination message on 57 received from 0
DEBUG Sending termination message from 57 to 0 Direction.NEXT
DEBUG Termination message on 58 received from 0
DEBUG Sending termination message from 58 to 0 Direction.NEXT
DEBUG Termination message on 59 received from 0
DEBUG Sending termination message from 59 to 0 Direction.NEXT
DEBUG Termination message on 60 received from 0
DEBUG Sending termination message from 60 to 0 Direction.NEXT
DEBUG Termination message on 61 received from 0
DEBUG Sending termination message from 61 to 0 Direction.NEXT
DEBUG Termination message on 62 received from 0
DEBUG Sending termination message from 62 to 0 Direction.NEXT
DEBUG Termination message on 63 received from 0
DEBUG Sending termination message from 63 to 0 Direction.NEXT
DEBUG Termination message on 0 received from 0
DEBUG Sending termination message from 0 to 0 Direction.NEXT
DEBUG Termination message on 1 received from 0
