E1228 00:59:17.272245400   10687 socket_utils_common_posix.cc:223]     check for SO_REUSEPORT: UNKNOWN:Protocol not available {syscall:"getsockopt(SO_REUSEPORT)", os_error:"Protocol not available", errno:92, created_time:"2022-12-28T00:59:17.2711466+01:00"}
DEBUG Pivot node initialized: -1
DEBUG Skeleton node is ready
DEBUG Started node id: 0
DEBUG Skeleton node is ready
DEBUG Started node id: 1
DEBUG Skeleton node is ready
DEBUG Started node id: 2
DEBUG Skeleton node is ready
DEBUG Started node id: 3
INFO <0, 00:59:17, 0, -1> ALIVE_MSG
INFO <1, 00:59:17, 1, -1> ALIVE_MSG
INFO <2, 00:59:17, 2, -1> ALIVE_MSG
INFO <3, 00:59:17, 3, -1> ALIVE_MSG
DEBUG Skeleton node is ready
DEBUG Started node id: 4
DEBUG Nodes {2} is ready
DEBUG Alive message sent to pivot node
DEBUG Skeleton node initialized: 2
INFO <4, 00:59:17, 4, -1> ALIVE_MSG
DEBUG Skeleton node is ready
DEBUG Started node id: 5
DEBUG Nodes {1, 2} is ready
DEBUG Nodes {0, 1, 2} is ready
DEBUG Alive message sent to pivot node
DEBUG Alive message sent to pivot node
DEBUG Skeleton node initialized: 1
DEBUG Nodes {0, 1, 2, 3} is ready
DEBUG Skeleton node initialized: 0
INFO <5, 00:59:17, 5, -1> ALIVE_MSG
DEBUG Skeleton node is ready
DEBUG Alive message sent to pivot node
DEBUG Nodes {0, 1, 2, 3, 4} is ready
DEBUG Started node id: 6
DEBUG Skeleton node initialized: 3
DEBUG Alive message sent to pivot node
DEBUG Nodes {0, 1, 2, 3, 4, 5} is ready
DEBUG Skeleton node initialized: 4
INFO <6, 00:59:18, 6, -1> ALIVE_MSG
DEBUG Skeleton node is ready
DEBUG Alive message sent to pivot node
DEBUG Started node id: 7
DEBUG Skeleton node initialized: 5
DEBUG Nodes {0, 1, 2, 3, 4, 5, 6} is ready
DEBUG Alive message sent to pivot node
DEBUG Skeleton node initialized: 6
INFO <7, 00:59:18, 7, -1> ALIVE_MSG
DEBUG Skeleton node is ready
DEBUG Started node id: 8
DEBUG Nodes {0, 1, 2, 3, 4, 5, 6, 7} is ready
DEBUG Alive message sent to pivot node
DEBUG Skeleton node initialized: 7
INFO <8, 00:59:18, 8, -1> ALIVE_MSG
DEBUG Skeleton node is ready
DEBUG Started node id: 9
DEBUG Nodes {0, 1, 2, 3, 4, 5, 6, 7, 8} is ready
DEBUG Alive message sent to pivot node
DEBUG Skeleton node initialized: 8
INFO <9, 00:59:18, 9, -1> ALIVE_MSG
DEBUG Skeleton node is ready
DEBUG Started node id: 10
INFO <10, 00:59:18, 10, -1> ALIVE_MSG
DEBUG Skeleton node is ready
DEBUG Nodes {0, 1, 2, 3, 4, 5, 6, 7, 8, 9} is ready
DEBUG Started node id: 11
DEBUG Alive message sent to pivot node
DEBUG Skeleton node initialized: 9
DEBUG Nodes {0, 1, 2, 3, 4, 5, 6, 7, 8, 9, 10} is ready
DEBUG Alive message sent to pivot node
DEBUG Skeleton node initialized: 10
INFO <11, 00:59:18, 11, -1> ALIVE_MSG
DEBUG Skeleton node is ready
DEBUG Started node id: 12
INFO <12, 00:59:18, 12, -1> ALIVE_MSG
DEBUG Skeleton node is ready
DEBUG Started node id: 13
DEBUG Nodes {0, 1, 2, 3, 4, 5, 6, 7, 8, 9, 10, 11} is ready
DEBUG Nodes {0, 1, 2, 3, 4, 5, 6, 7, 8, 9, 10, 11, 12} is ready
DEBUG Alive message sent to pivot node
INFO <13, 00:59:18, 13, -1> ALIVE_MSG
DEBUG Skeleton node is ready
DEBUG Alive message sent to pivot node
DEBUG Skeleton node initialized: 11
DEBUG Started node id: 14
DEBUG Skeleton node initialized: 12
DEBUG Nodes {0, 1, 2, 3, 4, 5, 6, 7, 8, 9, 10, 11, 12, 13} is ready
DEBUG Alive message sent to pivot node
DEBUG Skeleton node initialized: 13
INFO <14, 00:59:18, 14, -1> ALIVE_MSG
DEBUG Skeleton node is ready
DEBUG Started node id: 15
INFO <15, 00:59:19, 15, -1> ALIVE_MSG
DEBUG Nodes {0, 1, 2, 3, 4, 5, 6, 7, 8, 9, 10, 11, 12, 13, 14} is ready
DEBUG Skeleton node is ready
DEBUG Started node id: 16
DEBUG Alive message sent to pivot node
DEBUG Skeleton node initialized: 14
DEBUG Nodes {0, 1, 2, 3, 4, 5, 6, 7, 8, 9, 10, 11, 12, 13, 14, 15} is ready
DEBUG Alive message sent to pivot node
DEBUG Skeleton node initialized: 15
INFO <16, 00:59:19, 16, -1> ALIVE_MSG
DEBUG Skeleton node is ready
DEBUG Started node id: 17
DEBUG Nodes {0, 1, 2, 3, 4, 5, 6, 7, 8, 9, 10, 11, 12, 13, 14, 15, 16} is ready
DEBUG Alive message sent to pivot node
DEBUG Skeleton node initialized: 16
DEBUG Skeleton node is ready
DEBUG Started node id: 18
INFO <17, 00:59:19, 17, -1> ALIVE_MSG
INFO <18, 00:59:19, 18, -1> ALIVE_MSG
DEBUG Skeleton node is ready
DEBUG Started node id: 19
DEBUG Nodes {0, 1, 2, 3, 4, 5, 6, 7, 8, 9, 10, 11, 12, 13, 14, 15, 16, 17} is ready
DEBUG Alive message sent to pivot node
DEBUG Skeleton node initialized: 17
INFO <19, 00:59:19, 19, -1> ALIVE_MSG
DEBUG Nodes {0, 1, 2, 3, 4, 5, 6, 7, 8, 9, 10, 11, 12, 13, 14, 15, 16, 17, 18} is ready
DEBUG Skeleton node is ready
DEBUG Started node id: 20
DEBUG Alive message sent to pivot node
DEBUG Skeleton node initialized: 18
INFO <20, 00:59:19, 20, -1> ALIVE_MSG
DEBUG Skeleton node is ready
DEBUG Started node id: 21
DEBUG Nodes {0, 1, 2, 3, 4, 5, 6, 7, 8, 9, 10, 11, 12, 13, 14, 15, 16, 17, 18, 19} is ready
INFO <21, 00:59:19, 21, -1> ALIVE_MSG
DEBUG Skeleton node is ready
DEBUG Started node id: 22
DEBUG Alive message sent to pivot node
DEBUG Skeleton node initialized: 19
DEBUG Nodes {0, 1, 2, 3, 4, 5, 6, 7, 8, 9, 10, 11, 12, 13, 14, 15, 16, 17, 18, 19, 20} is ready
INFO <22, 00:59:19, 22, -1> ALIVE_MSG
DEBUG Alive message sent to pivot node
DEBUG Skeleton node initialized: 20
DEBUG Nodes {0, 1, 2, 3, 4, 5, 6, 7, 8, 9, 10, 11, 12, 13, 14, 15, 16, 17, 18, 19, 20, 21} is ready
DEBUG Skeleton node is ready
DEBUG Nodes {0, 1, 2, 3, 4, 5, 6, 7, 8, 9, 10, 11, 12, 13, 14, 15, 16, 17, 18, 19, 20, 21, 22} is ready
DEBUG Alive message sent to pivot node
DEBUG Started node id: 23
DEBUG Skeleton node initialized: 21
DEBUG Alive message sent to pivot node
INFO <23, 00:59:19, 23, -1> ALIVE_MSG
DEBUG Skeleton node is ready
DEBUG Skeleton node initialized: 22
DEBUG Started node id: 24
DEBUG Nodes {0, 1, 2, 3, 4, 5, 6, 7, 8, 9, 10, 11, 12, 13, 14, 15, 16, 17, 18, 19, 20, 21, 22, 23} is ready
DEBUG Alive message sent to pivot node
DEBUG Skeleton node initialized: 23
INFO <24, 00:59:19, 24, -1> ALIVE_MSG
DEBUG Skeleton node is ready
DEBUG Started node id: 25
INFO <25, 00:59:19, 25, -1> ALIVE_MSG
DEBUG Skeleton node is ready
DEBUG Started node id: 26
DEBUG Nodes {0, 1, 2, 3, 4, 5, 6, 7, 8, 9, 10, 11, 12, 13, 14, 15, 16, 17, 18, 19, 20, 21, 22, 23, 24} is ready
DEBUG Alive message sent to pivot node
DEBUG Skeleton node initialized: 24
DEBUG Nodes {0, 1, 2, 3, 4, 5, 6, 7, 8, 9, 10, 11, 12, 13, 14, 15, 16, 17, 18, 19, 20, 21, 22, 23, 24, 25} is ready
DEBUG Alive message sent to pivot node
INFO <26, 00:59:19, 26, -1> ALIVE_MSG
DEBUG Skeleton node is ready
DEBUG Skeleton node initialized: 25
DEBUG Started node id: 27
INFO <27, 00:59:20, 27, -1> ALIVE_MSG
DEBUG Skeleton node is ready
DEBUG Started node id: 28
DEBUG Nodes {0, 1, 2, 3, 4, 5, 6, 7, 8, 9, 10, 11, 12, 13, 14, 15, 16, 17, 18, 19, 20, 21, 22, 23, 24, 25, 26} is ready
DEBUG Alive message sent to pivot node
DEBUG Skeleton node initialized: 26
DEBUG Nodes {0, 1, 2, 3, 4, 5, 6, 7, 8, 9, 10, 11, 12, 13, 14, 15, 16, 17, 18, 19, 20, 21, 22, 23, 24, 25, 26, 27} is ready
DEBUG Alive message sent to pivot node
INFO <28, 00:59:20, 28, -1> ALIVE_MSG
DEBUG Skeleton node is ready
DEBUG Skeleton node initialized: 27
DEBUG Started node id: 29
DEBUG Nodes {0, 1, 2, 3, 4, 5, 6, 7, 8, 9, 10, 11, 12, 13, 14, 15, 16, 17, 18, 19, 20, 21, 22, 23, 24, 25, 26, 27, 28} is ready
INFO <29, 00:59:20, 29, -1> ALIVE_MSG
DEBUG Alive message sent to pivot node
DEBUG Skeleton node is ready
DEBUG Skeleton node initialized: 28
DEBUG Started node id: 30
INFO <30, 00:59:20, 30, -1> ALIVE_MSG
DEBUG Skeleton node is ready
DEBUG Started node id: 31
DEBUG Nodes {0, 1, 2, 3, 4, 5, 6, 7, 8, 9, 10, 11, 12, 13, 14, 15, 16, 17, 18, 19, 20, 21, 22, 23, 24, 25, 26, 27, 28, 29} is ready
DEBUG Alive message sent to pivot node
INFO <31, 00:59:20, 31, -1> ALIVE_MSG
DEBUG Skeleton node is ready
DEBUG Skeleton node initialized: 29
DEBUG Nodes {0, 1, 2, 3, 4, 5, 6, 7, 8, 9, 10, 11, 12, 13, 14, 15, 16, 17, 18, 19, 20, 21, 22, 23, 24, 25, 26, 27, 28, 29, 30} is ready
DEBUG Started node id: 32
DEBUG Alive message sent to pivot node
DEBUG Skeleton node initialized: 30
INFO <32, 00:59:20, 32, -1> ALIVE_MSG
DEBUG Nodes {0, 1, 2, 3, 4, 5, 6, 7, 8, 9, 10, 11, 12, 13, 14, 15, 16, 17, 18, 19, 20, 21, 22, 23, 24, 25, 26, 27, 28, 29, 30, 31} is ready
DEBUG Skeleton node is ready
DEBUG Alive message sent to pivot node
DEBUG Started node id: 33
DEBUG Skeleton node initialized: 31
DEBUG Nodes {0, 1, 2, 3, 4, 5, 6, 7, 8, 9, 10, 11, 12, 13, 14, 15, 16, 17, 18, 19, 20, 21, 22, 23, 24, 25, 26, 27, 28, 29, 30, 31, 32} is ready
DEBUG Alive message sent to pivot node
DEBUG Skeleton node initialized: 32
INFO <33, 00:59:20, 33, -1> ALIVE_MSG
DEBUG Skeleton node is ready
DEBUG Started node id: 34
DEBUG Nodes {0, 1, 2, 3, 4, 5, 6, 7, 8, 9, 10, 11, 12, 13, 14, 15, 16, 17, 18, 19, 20, 21, 22, 23, 24, 25, 26, 27, 28, 29, 30, 31, 32, 33} is ready
DEBUG Alive message sent to pivot node
DEBUG Skeleton node initialized: 33
INFO <34, 00:59:20, 34, -1> ALIVE_MSG
DEBUG Skeleton node is ready
DEBUG Started node id: 35
INFO <35, 00:59:20, 35, -1> ALIVE_MSG
DEBUG Skeleton node is ready
DEBUG Nodes {0, 1, 2, 3, 4, 5, 6, 7, 8, 9, 10, 11, 12, 13, 14, 15, 16, 17, 18, 19, 20, 21, 22, 23, 24, 25, 26, 27, 28, 29, 30, 31, 32, 33, 34} is ready
DEBUG Started node id: 36
DEBUG Alive message sent to pivot node
DEBUG Nodes {0, 1, 2, 3, 4, 5, 6, 7, 8, 9, 10, 11, 12, 13, 14, 15, 16, 17, 18, 19, 20, 21, 22, 23, 24, 25, 26, 27, 28, 29, 30, 31, 32, 33, 34, 35} is ready
DEBUG Skeleton node initialized: 34
INFO <36, 00:59:20, 36, -1> ALIVE_MSG
DEBUG Skeleton node is ready
DEBUG Alive message sent to pivot node
DEBUG Started node id: 37
DEBUG Skeleton node initialized: 35
INFO <37, 00:59:21, 37, -1> ALIVE_MSG
DEBUG Skeleton node is ready
DEBUG Started node id: 38
DEBUG Nodes {0, 1, 2, 3, 4, 5, 6, 7, 8, 9, 10, 11, 12, 13, 14, 15, 16, 17, 18, 19, 20, 21, 22, 23, 24, 25, 26, 27, 28, 29, 30, 31, 32, 33, 34, 35, 36} is ready
DEBUG Alive message sent to pivot node
DEBUG Skeleton node initialized: 36
DEBUG Nodes {0, 1, 2, 3, 4, 5, 6, 7, 8, 9, 10, 11, 12, 13, 14, 15, 16, 17, 18, 19, 20, 21, 22, 23, 24, 25, 26, 27, 28, 29, 30, 31, 32, 33, 34, 35, 36, 37} is ready
INFO <38, 00:59:21, 38, -1> ALIVE_MSG
DEBUG Skeleton node is ready
DEBUG Alive message sent to pivot node
DEBUG Started node id: 39
DEBUG Skeleton node initialized: 37
DEBUG Nodes {0, 1, 2, 3, 4, 5, 6, 7, 8, 9, 10, 11, 12, 13, 14, 15, 16, 17, 18, 19, 20, 21, 22, 23, 24, 25, 26, 27, 28, 29, 30, 31, 32, 33, 34, 35, 36, 37, 38} is ready
INFO <39, 00:59:21, 39, -1> ALIVE_MSG
DEBUG Alive message sent to pivot node
DEBUG Skeleton node is ready
DEBUG Skeleton node initialized: 38
DEBUG Started node id: 40
DEBUG Nodes {0, 1, 2, 3, 4, 5, 6, 7, 8, 9, 10, 11, 12, 13, 14, 15, 16, 17, 18, 19, 20, 21, 22, 23, 24, 25, 26, 27, 28, 29, 30, 31, 32, 33, 34, 35, 36, 37, 38, 39} is ready
DEBUG Alive message sent to pivot node
DEBUG Skeleton node initialized: 39
INFO <40, 00:59:21, 40, -1> ALIVE_MSG
DEBUG Skeleton node is ready
DEBUG Started node id: 41
DEBUG Nodes {0, 1, 2, 3, 4, 5, 6, 7, 8, 9, 10, 11, 12, 13, 14, 15, 16, 17, 18, 19, 20, 21, 22, 23, 24, 25, 26, 27, 28, 29, 30, 31, 32, 33, 34, 35, 36, 37, 38, 39, 40} is ready
INFO <41, 00:59:21, 41, -1> ALIVE_MSG
DEBUG Skeleton node is ready
DEBUG Started node id: 42
DEBUG Alive message sent to pivot node
DEBUG Skeleton node initialized: 40
INFO <42, 00:59:21, 42, -1> ALIVE_MSG
DEBUG Nodes {0, 1, 2, 3, 4, 5, 6, 7, 8, 9, 10, 11, 12, 13, 14, 15, 16, 17, 18, 19, 20, 21, 22, 23, 24, 25, 26, 27, 28, 29, 30, 31, 32, 33, 34, 35, 36, 37, 38, 39, 40, 41} is ready
DEBUG Alive message sent to pivot node
DEBUG Skeleton node initialized: 41
DEBUG Skeleton node is ready
DEBUG Started node id: 43
DEBUG Nodes {0, 1, 2, 3, 4, 5, 6, 7, 8, 9, 10, 11, 12, 13, 14, 15, 16, 17, 18, 19, 20, 21, 22, 23, 24, 25, 26, 27, 28, 29, 30, 31, 32, 33, 34, 35, 36, 37, 38, 39, 40, 41, 42} is ready
DEBUG Alive message sent to pivot node
DEBUG Skeleton node initialized: 42
INFO <43, 00:59:21, 43, -1> ALIVE_MSG
DEBUG Skeleton node is ready
DEBUG Started node id: 44
DEBUG Nodes {0, 1, 2, 3, 4, 5, 6, 7, 8, 9, 10, 11, 12, 13, 14, 15, 16, 17, 18, 19, 20, 21, 22, 23, 24, 25, 26, 27, 28, 29, 30, 31, 32, 33, 34, 35, 36, 37, 38, 39, 40, 41, 42, 43} is ready
DEBUG Alive message sent to pivot node
DEBUG Skeleton node initialized: 43
INFO <44, 00:59:22, 44, -1> ALIVE_MSG
DEBUG Skeleton node is ready
DEBUG Started node id: 45
DEBUG Nodes {0, 1, 2, 3, 4, 5, 6, 7, 8, 9, 10, 11, 12, 13, 14, 15, 16, 17, 18, 19, 20, 21, 22, 23, 24, 25, 26, 27, 28, 29, 30, 31, 32, 33, 34, 35, 36, 37, 38, 39, 40, 41, 42, 43, 44} is ready
INFO <45, 00:59:22, 45, -1> ALIVE_MSG
DEBUG Skeleton node is ready
DEBUG Alive message sent to pivot node
DEBUG Started node id: 46
DEBUG Skeleton node initialized: 44
DEBUG Nodes {0, 1, 2, 3, 4, 5, 6, 7, 8, 9, 10, 11, 12, 13, 14, 15, 16, 17, 18, 19, 20, 21, 22, 23, 24, 25, 26, 27, 28, 29, 30, 31, 32, 33, 34, 35, 36, 37, 38, 39, 40, 41, 42, 43, 44, 45} is ready
DEBUG Alive message sent to pivot node
DEBUG Skeleton node initialized: 45
INFO <46, 00:59:22, 46, -1> ALIVE_MSG
DEBUG Skeleton node is ready
DEBUG Started node id: 47
DEBUG Nodes {0, 1, 2, 3, 4, 5, 6, 7, 8, 9, 10, 11, 12, 13, 14, 15, 16, 17, 18, 19, 20, 21, 22, 23, 24, 25, 26, 27, 28, 29, 30, 31, 32, 33, 34, 35, 36, 37, 38, 39, 40, 41, 42, 43, 44, 45, 46} is ready
DEBUG Alive message sent to pivot node
INFO <47, 00:59:22, 47, -1> ALIVE_MSG
DEBUG Skeleton node initialized: 46
DEBUG Skeleton node is ready
DEBUG Started node id: 48
INFO <48, 00:59:22, 48, -1> ALIVE_MSG
DEBUG Skeleton node is ready
DEBUG Started node id: 49
DEBUG Nodes {0, 1, 2, 3, 4, 5, 6, 7, 8, 9, 10, 11, 12, 13, 14, 15, 16, 17, 18, 19, 20, 21, 22, 23, 24, 25, 26, 27, 28, 29, 30, 31, 32, 33, 34, 35, 36, 37, 38, 39, 40, 41, 42, 43, 44, 45, 46, 47} is ready
INFO <49, 00:59:22, 49, -1> ALIVE_MSG
DEBUG Skeleton node is ready
DEBUG Started node id: 50
DEBUG Alive message sent to pivot node
DEBUG Nodes {0, 1, 2, 3, 4, 5, 6, 7, 8, 9, 10, 11, 12, 13, 14, 15, 16, 17, 18, 19, 20, 21, 22, 23, 24, 25, 26, 27, 28, 29, 30, 31, 32, 33, 34, 35, 36, 37, 38, 39, 40, 41, 42, 43, 44, 45, 46, 47, 48} is ready
DEBUG Nodes {0, 1, 2, 3, 4, 5, 6, 7, 8, 9, 10, 11, 12, 13, 14, 15, 16, 17, 18, 19, 20, 21, 22, 23, 24, 25, 26, 27, 28, 29, 30, 31, 32, 33, 34, 35, 36, 37, 38, 39, 40, 41, 42, 43, 44, 45, 46, 47, 48, 49} is ready
DEBUG Skeleton node initialized: 47
INFO <50, 00:59:22, 50, -1> ALIVE_MSG
DEBUG Skeleton node is ready
DEBUG Alive message sent to pivot node
DEBUG Alive message sent to pivot node
DEBUG Started node id: 51
DEBUG Skeleton node initialized: 48
DEBUG Skeleton node initialized: 49
DEBUG Nodes {0, 1, 2, 3, 4, 5, 6, 7, 8, 9, 10, 11, 12, 13, 14, 15, 16, 17, 18, 19, 20, 21, 22, 23, 24, 25, 26, 27, 28, 29, 30, 31, 32, 33, 34, 35, 36, 37, 38, 39, 40, 41, 42, 43, 44, 45, 46, 47, 48, 49, 50} is ready
DEBUG Alive message sent to pivot node
DEBUG Skeleton node initialized: 50
INFO <51, 00:59:22, 51, -1> ALIVE_MSG
DEBUG Skeleton node is ready
DEBUG Started node id: 52
DEBUG Nodes {0, 1, 2, 3, 4, 5, 6, 7, 8, 9, 10, 11, 12, 13, 14, 15, 16, 17, 18, 19, 20, 21, 22, 23, 24, 25, 26, 27, 28, 29, 30, 31, 32, 33, 34, 35, 36, 37, 38, 39, 40, 41, 42, 43, 44, 45, 46, 47, 48, 49, 50, 51} is ready
INFO <52, 00:59:22, 52, -1> ALIVE_MSG
DEBUG Alive message sent to pivot node
DEBUG Skeleton node initialized: 51
DEBUG Skeleton node is ready
DEBUG Started node id: 53
DEBUG Nodes {0, 1, 2, 3, 4, 5, 6, 7, 8, 9, 10, 11, 12, 13, 14, 15, 16, 17, 18, 19, 20, 21, 22, 23, 24, 25, 26, 27, 28, 29, 30, 31, 32, 33, 34, 35, 36, 37, 38, 39, 40, 41, 42, 43, 44, 45, 46, 47, 48, 49, 50, 51, 52} is ready
DEBUG Alive message sent to pivot node
DEBUG Skeleton node initialized: 52
INFO <53, 00:59:22, 53, -1> ALIVE_MSG
DEBUG Skeleton node is ready
DEBUG Started node id: 54
DEBUG Nodes {0, 1, 2, 3, 4, 5, 6, 7, 8, 9, 10, 11, 12, 13, 14, 15, 16, 17, 18, 19, 20, 21, 22, 23, 24, 25, 26, 27, 28, 29, 30, 31, 32, 33, 34, 35, 36, 37, 38, 39, 40, 41, 42, 43, 44, 45, 46, 47, 48, 49, 50, 51, 52, 53} is ready
DEBUG Alive message sent to pivot node
DEBUG Skeleton node initialized: 53
INFO <54, 00:59:23, 54, -1> ALIVE_MSG
DEBUG Skeleton node is ready
DEBUG Started node id: 55
DEBUG Nodes {0, 1, 2, 3, 4, 5, 6, 7, 8, 9, 10, 11, 12, 13, 14, 15, 16, 17, 18, 19, 20, 21, 22, 23, 24, 25, 26, 27, 28, 29, 30, 31, 32, 33, 34, 35, 36, 37, 38, 39, 40, 41, 42, 43, 44, 45, 46, 47, 48, 49, 50, 51, 52, 53, 54} is ready
INFO <55, 00:59:23, 55, -1> ALIVE_MSG
DEBUG Skeleton node is ready
DEBUG Alive message sent to pivot node
DEBUG Started node id: 56
DEBUG Nodes {0, 1, 2, 3, 4, 5, 6, 7, 8, 9, 10, 11, 12, 13, 14, 15, 16, 17, 18, 19, 20, 21, 22, 23, 24, 25, 26, 27, 28, 29, 30, 31, 32, 33, 34, 35, 36, 37, 38, 39, 40, 41, 42, 43, 44, 45, 46, 47, 48, 49, 50, 51, 52, 53, 54, 55} is ready
DEBUG Skeleton node initialized: 54
DEBUG Alive message sent to pivot node
DEBUG Skeleton node initialized: 55
INFO <56, 00:59:23, 56, -1> ALIVE_MSG
DEBUG Skeleton node is ready
DEBUG Started node id: 57
DEBUG Nodes {0, 1, 2, 3, 4, 5, 6, 7, 8, 9, 10, 11, 12, 13, 14, 15, 16, 17, 18, 19, 20, 21, 22, 23, 24, 25, 26, 27, 28, 29, 30, 31, 32, 33, 34, 35, 36, 37, 38, 39, 40, 41, 42, 43, 44, 45, 46, 47, 48, 49, 50, 51, 52, 53, 54, 55, 56} is ready
INFO <57, 00:59:23, 57, -1> ALIVE_MSG
DEBUG Skeleton node is ready
DEBUG Started node id: 58
DEBUG Alive message sent to pivot node
DEBUG Skeleton node initialized: 56
DEBUG Nodes {0, 1, 2, 3, 4, 5, 6, 7, 8, 9, 10, 11, 12, 13, 14, 15, 16, 17, 18, 19, 20, 21, 22, 23, 24, 25, 26, 27, 28, 29, 30, 31, 32, 33, 34, 35, 36, 37, 38, 39, 40, 41, 42, 43, 44, 45, 46, 47, 48, 49, 50, 51, 52, 53, 54, 55, 56, 57} is ready
DEBUG Alive message sent to pivot node
DEBUG Skeleton node initialized: 57
INFO <58, 00:59:23, 58, -1> ALIVE_MSG
DEBUG Skeleton node is ready
DEBUG Started node id: 59
DEBUG Nodes {0, 1, 2, 3, 4, 5, 6, 7, 8, 9, 10, 11, 12, 13, 14, 15, 16, 17, 18, 19, 20, 21, 22, 23, 24, 25, 26, 27, 28, 29, 30, 31, 32, 33, 34, 35, 36, 37, 38, 39, 40, 41, 42, 43, 44, 45, 46, 47, 48, 49, 50, 51, 52, 53, 54, 55, 56, 57, 58} is ready
DEBUG Alive message sent to pivot node
DEBUG Skeleton node initialized: 58
INFO <59, 00:59:23, 59, -1> ALIVE_MSG
DEBUG Skeleton node is ready
DEBUG Started node id: 60
DEBUG Nodes {0, 1, 2, 3, 4, 5, 6, 7, 8, 9, 10, 11, 12, 13, 14, 15, 16, 17, 18, 19, 20, 21, 22, 23, 24, 25, 26, 27, 28, 29, 30, 31, 32, 33, 34, 35, 36, 37, 38, 39, 40, 41, 42, 43, 44, 45, 46, 47, 48, 49, 50, 51, 52, 53, 54, 55, 56, 57, 58, 59} is ready
INFO <60, 00:59:23, 60, -1> ALIVE_MSG
DEBUG Skeleton node is ready
DEBUG Alive message sent to pivot node
DEBUG Started node id: 61
DEBUG Skeleton node initialized: 59
INFO <61, 00:59:23, 61, -1> ALIVE_MSG
DEBUG Nodes {0, 1, 2, 3, 4, 5, 6, 7, 8, 9, 10, 11, 12, 13, 14, 15, 16, 17, 18, 19, 20, 21, 22, 23, 24, 25, 26, 27, 28, 29, 30, 31, 32, 33, 34, 35, 36, 37, 38, 39, 40, 41, 42, 43, 44, 45, 46, 47, 48, 49, 50, 51, 52, 53, 54, 55, 56, 57, 58, 59, 60} is ready
DEBUG Alive message sent to pivot node
DEBUG Skeleton node initialized: 60
DEBUG Skeleton node is ready
DEBUG Started node id: 62
DEBUG Nodes {0, 1, 2, 3, 4, 5, 6, 7, 8, 9, 10, 11, 12, 13, 14, 15, 16, 17, 18, 19, 20, 21, 22, 23, 24, 25, 26, 27, 28, 29, 30, 31, 32, 33, 34, 35, 36, 37, 38, 39, 40, 41, 42, 43, 44, 45, 46, 47, 48, 49, 50, 51, 52, 53, 54, 55, 56, 57, 58, 59, 60, 61} is ready
DEBUG Alive message sent to pivot node
DEBUG Skeleton node initialized: 61
INFO <62, 00:59:23, 62, -1> ALIVE_MSG
DEBUG Skeleton node is ready
DEBUG Started node id: 63
INFO <63, 00:59:23, 63, -1> ALIVE_MSG
DEBUG Skeleton node is ready
DEBUG Started node id: 64
INFO <64, 00:59:23, 64, -1> ALIVE_MSG
DEBUG Skeleton node is ready
DEBUG Started node id: 65
DEBUG Nodes {0, 1, 2, 3, 4, 5, 6, 7, 8, 9, 10, 11, 12, 13, 14, 15, 16, 17, 18, 19, 20, 21, 22, 23, 24, 25, 26, 27, 28, 29, 30, 31, 32, 33, 34, 35, 36, 37, 38, 39, 40, 41, 42, 43, 44, 45, 46, 47, 48, 49, 50, 51, 52, 53, 54, 55, 56, 57, 58, 59, 60, 61, 62} is ready
INFO <65, 00:59:23, 65, -1> ALIVE_MSG
DEBUG Skeleton node is ready
DEBUG Started node id: 66
DEBUG Nodes {0, 1, 2, 3, 4, 5, 6, 7, 8, 9, 10, 11, 12, 13, 14, 15, 16, 17, 18, 19, 20, 21, 22, 23, 24, 25, 26, 27, 28, 29, 30, 31, 32, 33, 34, 35, 36, 37, 38, 39, 40, 41, 42, 43, 44, 45, 46, 47, 48, 49, 50, 51, 52, 53, 54, 55, 56, 57, 58, 59, 60, 61, 62, 63} is ready
DEBUG Alive message sent to pivot node
DEBUG Skeleton node initialized: 62
DEBUG Alive message sent to pivot node
INFO <66, 00:59:23, 66, -1> ALIVE_MSG
DEBUG Skeleton node is ready
DEBUG Skeleton node initialized: 63
DEBUG Nodes {0, 1, 2, 3, 4, 5, 6, 7, 8, 9, 10, 11, 12, 13, 14, 15, 16, 17, 18, 19, 20, 21, 22, 23, 24, 25, 26, 27, 28, 29, 30, 31, 32, 33, 34, 35, 36, 37, 38, 39, 40, 41, 42, 43, 44, 45, 46, 47, 48, 49, 50, 51, 52, 53, 54, 55, 56, 57, 58, 59, 60, 61, 62, 63, 64} is ready
DEBUG Nodes {0, 1, 2, 3, 4, 5, 6, 7, 8, 9, 10, 11, 12, 13, 14, 15, 16, 17, 18, 19, 20, 21, 22, 23, 24, 25, 26, 27, 28, 29, 30, 31, 32, 33, 34, 35, 36, 37, 38, 39, 40, 41, 42, 43, 44, 45, 46, 47, 48, 49, 50, 51, 52, 53, 54, 55, 56, 57, 58, 59, 60, 61, 62, 63, 64, 65} is ready
DEBUG Started node id: 67
DEBUG Alive message sent to pivot node
DEBUG Skeleton node initialized: 64
DEBUG Alive message sent to pivot node
DEBUG Skeleton node initialized: 65
DEBUG Nodes {0, 1, 2, 3, 4, 5, 6, 7, 8, 9, 10, 11, 12, 13, 14, 15, 16, 17, 18, 19, 20, 21, 22, 23, 24, 25, 26, 27, 28, 29, 30, 31, 32, 33, 34, 35, 36, 37, 38, 39, 40, 41, 42, 43, 44, 45, 46, 47, 48, 49, 50, 51, 52, 53, 54, 55, 56, 57, 58, 59, 60, 61, 62, 63, 64, 65, 66} is ready
DEBUG Skeleton node is ready
INFO <67, 00:59:24, 67, -1> ALIVE_MSG
DEBUG Started node id: 68
DEBUG Alive message sent to pivot node
DEBUG Skeleton node initialized: 66
DEBUG Nodes {0, 1, 2, 3, 4, 5, 6, 7, 8, 9, 10, 11, 12, 13, 14, 15, 16, 17, 18, 19, 20, 21, 22, 23, 24, 25, 26, 27, 28, 29, 30, 31, 32, 33, 34, 35, 36, 37, 38, 39, 40, 41, 42, 43, 44, 45, 46, 47, 48, 49, 50, 51, 52, 53, 54, 55, 56, 57, 58, 59, 60, 61, 62, 63, 64, 65, 66, 67} is ready
INFO <68, 00:59:24, 68, -1> ALIVE_MSG
DEBUG Skeleton node is ready
DEBUG Started node id: 69
DEBUG Alive message sent to pivot node
DEBUG Skeleton node initialized: 67
INFO <69, 00:59:24, 69, -1> ALIVE_MSG
DEBUG Skeleton node is ready
DEBUG Nodes {0, 1, 2, 3, 4, 5, 6, 7, 8, 9, 10, 11, 12, 13, 14, 15, 16, 17, 18, 19, 20, 21, 22, 23, 24, 25, 26, 27, 28, 29, 30, 31, 32, 33, 34, 35, 36, 37, 38, 39, 40, 41, 42, 43, 44, 45, 46, 47, 48, 49, 50, 51, 52, 53, 54, 55, 56, 57, 58, 59, 60, 61, 62, 63, 64, 65, 66, 67, 69} is ready
DEBUG Alive message sent to pivot node
DEBUG Skeleton node initialized: 69
DEBUG Nodes {0, 1, 2, 3, 4, 5, 6, 7, 8, 9, 10, 11, 12, 13, 14, 15, 16, 17, 18, 19, 20, 21, 22, 23, 24, 25, 26, 27, 28, 29, 30, 31, 32, 33, 34, 35, 36, 37, 38, 39, 40, 41, 42, 43, 44, 45, 46, 47, 48, 49, 50, 51, 52, 53, 54, 55, 56, 57, 58, 59, 60, 61, 62, 63, 64, 65, 66, 67, 68, 69} is ready
DEBUG Alive message sent to pivot node
DEBUG Skeleton node initialized: 68
DEBUG All nodes are ready
DEBUG Initialized connections for node id: 0
DEBUG Connections initialized
DEBUG Initialized connections for node id: 1
DEBUG Connections initialized
DEBUG Initialized connections for node id: 2
DEBUG Connections initialized
DEBUG Initialized connections for node id: 3
DEBUG Connections initialized
DEBUG Initialized connections for node id: 4
DEBUG Connections initialized
DEBUG Initialized connections for node id: 5
DEBUG Connections initialized
DEBUG Initialized connections for node id: 6
DEBUG Connections initialized
DEBUG Initialized connections for node id: 7
DEBUG Connections initialized
DEBUG Initialized connections for node id: 8
DEBUG Connections initialized
DEBUG Initialized connections for node id: 9
DEBUG Connections initialized
DEBUG Initialized connections for node id: 10
DEBUG Connections initialized
DEBUG Initialized connections for node id: 11
DEBUG Connections initialized
DEBUG Initialized connections for node id: 12
DEBUG Connections initialized
DEBUG Initialized connections for node id: 13
DEBUG Connections initialized
DEBUG Initialized connections for node id: 14
DEBUG Connections initialized
DEBUG Initialized connections for node id: 15
DEBUG Connections initialized
DEBUG Initialized connections for node id: 16
DEBUG Connections initialized
DEBUG Initialized connections for node id: 17
DEBUG Connections initialized
DEBUG Initialized connections for node id: 18
DEBUG Connections initialized
DEBUG Initialized connections for node id: 19
DEBUG Connections initialized
DEBUG Initialized connections for node id: 20
DEBUG Connections initialized
DEBUG Initialized connections for node id: 21
DEBUG Connections initialized
DEBUG Initialized connections for node id: 22
DEBUG Connections initialized
DEBUG Initialized connections for node id: 23
DEBUG Connections initialized
DEBUG Initialized connections for node id: 24
DEBUG Connections initialized
DEBUG Initialized connections for node id: 25
DEBUG Connections initialized
DEBUG Initialized connections for node id: 26
DEBUG Connections initialized
DEBUG Initialized connections for node id: 27
DEBUG Connections initialized
DEBUG Initialized connections for node id: 28
DEBUG Connections initialized
DEBUG Initialized connections for node id: 29
DEBUG Connections initialized
DEBUG Initialized connections for node id: 30
DEBUG Connections initialized
DEBUG Initialized connections for node id: 31
DEBUG Connections initialized
DEBUG Initialized connections for node id: 32
DEBUG Connections initialized
DEBUG Initialized connections for node id: 33
DEBUG Connections initialized
DEBUG Initialized connections for node id: 34
DEBUG Connections initialized
DEBUG Initialized connections for node id: 35
DEBUG Connections initialized
DEBUG Initialized connections for node id: 36
DEBUG Connections initialized
DEBUG Initialized connections for node id: 37
DEBUG Connections initialized
DEBUG Initialized connections for node id: 38
DEBUG Connections initialized
DEBUG Initialized connections for node id: 39
DEBUG Connections initialized
DEBUG Initialized connections for node id: 40
DEBUG Connections initialized
DEBUG Initialized connections for node id: 41
DEBUG Connections initialized
DEBUG Initialized connections for node id: 42
DEBUG Connections initialized
DEBUG Initialized connections for node id: 43
DEBUG Connections initialized
DEBUG Initialized connections for node id: 44
DEBUG Connections initialized
DEBUG Initialized connections for node id: 45
DEBUG Connections initialized
DEBUG Initialized connections for node id: 46
DEBUG Connections initialized
DEBUG Initialized connections for node id: 47
DEBUG Connections initialized
DEBUG Initialized connections for node id: 48
DEBUG Connections initialized
DEBUG Initialized connections for node id: 49
DEBUG Connections initialized
DEBUG Initialized connections for node id: 50
DEBUG Connections initialized
DEBUG Initialized connections for node id: 51
DEBUG Connections initialized
DEBUG Initialized connections for node id: 52
DEBUG Connections initialized
DEBUG Initialized connections for node id: 53
DEBUG Connections initialized
DEBUG Initialized connections for node id: 54
DEBUG Connections initialized
DEBUG Initialized connections for node id: 55
DEBUG Connections initialized
DEBUG Initialized connections for node id: 56
DEBUG Connections initialized
DEBUG Initialized connections for node id: 57
DEBUG Connections initialized
DEBUG Initialized connections for node id: 58
DEBUG Connections initialized
DEBUG Initialized connections for node id: 59
DEBUG Connections initialized
DEBUG Initialized connections for node id: 60
DEBUG Connections initialized
DEBUG Initialized connections for node id: 61
DEBUG Connections initialized
DEBUG Initialized connections for node id: 62
DEBUG Connections initialized
DEBUG Initialized connections for node id: 63
DEBUG Connections initialized
DEBUG Initialized connections for node id: 64
DEBUG Connections initialized
DEBUG Initialized connections for node id: 65
DEBUG Connections initialized
DEBUG Initialized connections for node id: 66
DEBUG Connections initialized
DEBUG Initialized connections for node id: 67
DEBUG Connections initialized
DEBUG Initialized connections for node id: 68
DEBUG Connections initialized
DEBUG Initialized connections for node id: 69
DEBUG Connections initialized
DEBUG Sending election message 0 to Direction.NEXT
INFO <1, 00:59:24, 0, 1> ALGORITHM
DEBUG Sending election message 1 to Direction.NEXT
INFO <2, 00:59:24, 1, 2> ALGORITHM
DEBUG Sending election message 2 to Direction.NEXT
INFO <3, 00:59:24, 2, 3> ALGORITHM
DEBUG Sending election message 3 to Direction.NEXT
INFO <4, 00:59:24, 3, 4> ALGORITHM
DEBUG Sending election message 4 to Direction.NEXT
INFO <5, 00:59:24, 4, 5> ALGORITHM
DEBUG Sending election message 5 to Direction.NEXT
INFO <6, 00:59:24, 5, 6> ALGORITHM
DEBUG Sending election message 6 to Direction.NEXT
INFO <7, 00:59:24, 6, 7> ALGORITHM
DEBUG Sending election message 7 to Direction.NEXT
INFO <8, 00:59:24, 7, 8> ALGORITHM
DEBUG Sending election message 8 to Direction.NEXT
INFO <9, 00:59:24, 8, 9> ALGORITHM
DEBUG Sending election message 9 to Direction.NEXT
INFO <10, 00:59:24, 9, 10> ALGORITHM
DEBUG Sending election message 10 to Direction.NEXT
INFO <11, 00:59:24, 10, 11> ALGORITHM
DEBUG Sending election message 11 to Direction.NEXT
INFO <12, 00:59:24, 11, 12> ALGORITHM
DEBUG Sending election message 12 to Direction.NEXT
INFO <13, 00:59:24, 12, 13> ALGORITHM
DEBUG Sending election message 13 to Direction.NEXT
INFO <14, 00:59:24, 13, 14> ALGORITHM
DEBUG Sending election message 14 to Direction.NEXT
INFO <15, 00:59:24, 14, 15> ALGORITHM
DEBUG Sending election message 15 to Direction.NEXT
INFO <16, 00:59:24, 15, 16> ALGORITHM
DEBUG Sending election message 16 to Direction.NEXT
INFO <17, 00:59:24, 16, 17> ALGORITHM
DEBUG Sending election message 17 to Direction.NEXT
INFO <18, 00:59:24, 17, 18> ALGORITHM
DEBUG Sending election message 18 to Direction.NEXT
INFO <19, 00:59:24, 18, 19> ALGORITHM
DEBUG Sending election message 19 to Direction.NEXT
INFO <20, 00:59:24, 19, 20> ALGORITHM
DEBUG Sending election message 20 to Direction.NEXT
INFO <21, 00:59:24, 20, 21> ALGORITHM
DEBUG Sending election message 21 to Direction.NEXT
INFO <22, 00:59:24, 21, 22> ALGORITHM
DEBUG Sending election message 22 to Direction.NEXT
INFO <23, 00:59:24, 22, 23> ALGORITHM
DEBUG Sending election message 23 to Direction.NEXT
INFO <24, 00:59:24, 23, 24> ALGORITHM
DEBUG Sending election message 24 to Direction.NEXT
INFO <25, 00:59:24, 24, 25> ALGORITHM
DEBUG Sending election message 25 to Direction.NEXT
INFO <26, 00:59:24, 25, 26> ALGORITHM
DEBUG Sending election message 26 to Direction.NEXT
INFO <27, 00:59:24, 26, 27> ALGORITHM
DEBUG Sending election message 27 to Direction.NEXT
INFO <28, 00:59:24, 27, 28> ALGORITHM
DEBUG Sending election message 28 to Direction.NEXT
INFO <29, 00:59:24, 28, 29> ALGORITHM
DEBUG Sending election message 29 to Direction.NEXT
INFO <30, 00:59:24, 29, 30> ALGORITHM
DEBUG Sending election message 30 to Direction.NEXT
INFO <31, 00:59:24, 30, 31> ALGORITHM
DEBUG Sending election message 31 to Direction.NEXT
INFO <32, 00:59:24, 31, 32> ALGORITHM
DEBUG Sending election message 32 to Direction.NEXT
INFO <33, 00:59:24, 32, 33> ALGORITHM
DEBUG Sending election message 33 to Direction.NEXT
INFO <34, 00:59:24, 33, 34> ALGORITHM
DEBUG Sending election message 34 to Direction.NEXT
INFO <35, 00:59:24, 34, 35> ALGORITHM
DEBUG Sending election message 35 to Direction.NEXT
INFO <36, 00:59:24, 35, 36> ALGORITHM
DEBUG Sending election message 36 to Direction.NEXT
INFO <37, 00:59:24, 36, 37> ALGORITHM
DEBUG Sending election message 37 to Direction.NEXT
INFO <38, 00:59:24, 37, 38> ALGORITHM
DEBUG Sending election message 38 to Direction.NEXT
INFO <39, 00:59:24, 38, 39> ALGORITHM
DEBUG Sending election message 39 to Direction.NEXT
INFO <40, 00:59:24, 39, 40> ALGORITHM
DEBUG Sending election message 40 to Direction.NEXT
INFO <41, 00:59:24, 40, 41> ALGORITHM
DEBUG Sending election message 41 to Direction.NEXT
INFO <42, 00:59:24, 41, 42> ALGORITHM
DEBUG Sending election message 42 to Direction.NEXT
INFO <43, 00:59:24, 42, 43> ALGORITHM
DEBUG Sending election message 43 to Direction.NEXT
INFO <44, 00:59:24, 43, 44> ALGORITHM
DEBUG Sending election message 44 to Direction.NEXT
INFO <45, 00:59:24, 44, 45> ALGORITHM
DEBUG Sending election message 45 to Direction.NEXT
INFO <46, 00:59:24, 45, 46> ALGORITHM
DEBUG Sending election message 46 to Direction.NEXT
INFO <47, 00:59:24, 46, 47> ALGORITHM
DEBUG Sending election message 47 to Direction.NEXT
INFO <48, 00:59:24, 47, 48> ALGORITHM
DEBUG Sending election message 48 to Direction.NEXT
INFO <49, 00:59:24, 48, 49> ALGORITHM
DEBUG Sending election message 49 to Direction.NEXT
INFO <50, 00:59:24, 49, 50> ALGORITHM
DEBUG Sending election message 50 to Direction.NEXT
INFO <51, 00:59:24, 50, 51> ALGORITHM
DEBUG Sending election message 51 to Direction.NEXT
INFO <52, 00:59:24, 51, 52> ALGORITHM
DEBUG Sending election message 52 to Direction.NEXT
INFO <53, 00:59:24, 52, 53> ALGORITHM
DEBUG Sending election message 53 to Direction.NEXT
INFO <54, 00:59:24, 53, 54> ALGORITHM
DEBUG Sending election message 54 to Direction.NEXT
INFO <55, 00:59:24, 54, 55> ALGORITHM
DEBUG Sending election message 55 to Direction.NEXT
INFO <56, 00:59:24, 55, 56> ALGORITHM
DEBUG Sending election message 56 to Direction.NEXT
INFO <57, 00:59:24, 56, 57> ALGORITHM
DEBUG Sending election message 57 to Direction.NEXT
INFO <58, 00:59:24, 57, 58> ALGORITHM
DEBUG Sending election message 58 to Direction.NEXT
INFO <59, 00:59:24, 58, 59> ALGORITHM
DEBUG Sending election message 59 to Direction.NEXT
INFO <60, 00:59:24, 59, 60> ALGORITHM
DEBUG Sending election message 60 to Direction.NEXT
INFO <61, 00:59:24, 60, 61> ALGORITHM
DEBUG Sending election message 61 to Direction.NEXT
INFO <62, 00:59:24, 61, 62> ALGORITHM
DEBUG Sending election message 62 to Direction.NEXT
INFO <63, 00:59:24, 62, 63> ALGORITHM
DEBUG Sending election message 63 to Direction.NEXT
INFO <64, 00:59:24, 63, 64> ALGORITHM
DEBUG Sending election message 64 to Direction.NEXT
INFO <65, 00:59:24, 64, 65> ALGORITHM
DEBUG Sending election message 65 to Direction.NEXT
INFO <66, 00:59:24, 65, 66> ALGORITHM
DEBUG Sending election message 66 to Direction.NEXT
INFO <67, 00:59:24, 66, 67> ALGORITHM
DEBUG Sending election message 67 to Direction.NEXT
INFO <68, 00:59:24, 67, 68> ALGORITHM
DEBUG Sending election message 68 to Direction.NEXT
INFO <69, 00:59:24, 68, 69> ALGORITHM
DEBUG Sending election message 69 to Direction.NEXT
INFO <0, 00:59:24, 69, 0> ALGORITHM
DEBUG Sending election message 0 to Direction.NEXT
INFO <1, 00:59:24, 0, 1> ALGORITHM
DEBUG I am defeated 1 by 0
DEBUG Sending election message 0 to Direction.NEXT
INFO <2, 00:59:24, 0, 2> ALGORITHM
DEBUG I am defeated 2 by 0
DEBUG Sending election message 0 to Direction.NEXT
INFO <3, 00:59:24, 0, 3> ALGORITHM
DEBUG I am defeated 3 by 0
DEBUG Sending election message 0 to Direction.NEXT
INFO <4, 00:59:24, 0, 4> ALGORITHM
DEBUG I am defeated 4 by 0
DEBUG Sending election message 0 to Direction.NEXT
INFO <5, 00:59:24, 0, 5> ALGORITHM
DEBUG I am defeated 5 by 0
DEBUG Sending election message 0 to Direction.NEXT
INFO <6, 00:59:24, 0, 6> ALGORITHM
DEBUG I am defeated 6 by 0
DEBUG Sending election message 0 to Direction.NEXT
INFO <7, 00:59:24, 0, 7> ALGORITHM
DEBUG I am defeated 7 by 0
DEBUG Sending election message 0 to Direction.NEXT
INFO <8, 00:59:24, 0, 8> ALGORITHM
DEBUG I am defeated 8 by 0
DEBUG Sending election message 0 to Direction.NEXT
INFO <9, 00:59:24, 0, 9> ALGORITHM
DEBUG I am defeated 9 by 0
DEBUG Sending election message 0 to Direction.NEXT
INFO <10, 00:59:24, 0, 10> ALGORITHM
DEBUG I am defeated 10 by 0
DEBUG Sending election message 0 to Direction.NEXT
INFO <11, 00:59:24, 0, 11> ALGORITHM
DEBUG I am defeated 11 by 0
DEBUG Sending election message 0 to Direction.NEXT
INFO <12, 00:59:24, 0, 12> ALGORITHM
DEBUG I am defeated 12 by 0
DEBUG Sending election message 0 to Direction.NEXT
INFO <13, 00:59:24, 0, 13> ALGORITHM
DEBUG I am defeated 13 by 0
DEBUG Sending election message 0 to Direction.NEXT
INFO <14, 00:59:24, 0, 14> ALGORITHM
DEBUG I am defeated 14 by 0
DEBUG Sending election message 0 to Direction.NEXT
INFO <15, 00:59:24, 0, 15> ALGORITHM
DEBUG I am defeated 15 by 0
DEBUG Sending election message 0 to Direction.NEXT
INFO <16, 00:59:24, 0, 16> ALGORITHM
DEBUG I am defeated 16 by 0
DEBUG Sending election message 0 to Direction.NEXT
INFO <17, 00:59:24, 0, 17> ALGORITHM
DEBUG I am defeated 17 by 0
DEBUG Sending election message 0 to Direction.NEXT
INFO <18, 00:59:24, 0, 18> ALGORITHM
DEBUG I am defeated 18 by 0
DEBUG Sending election message 0 to Direction.NEXT
INFO <19, 00:59:24, 0, 19> ALGORITHM
DEBUG I am defeated 19 by 0
DEBUG Sending election message 0 to Direction.NEXT
INFO <20, 00:59:24, 0, 20> ALGORITHM
DEBUG I am defeated 20 by 0
DEBUG Sending election message 0 to Direction.NEXT
INFO <21, 00:59:24, 0, 21> ALGORITHM
DEBUG I am defeated 21 by 0
DEBUG Sending election message 0 to Direction.NEXT
INFO <22, 00:59:24, 0, 22> ALGORITHM
DEBUG I am defeated 22 by 0
DEBUG Sending election message 0 to Direction.NEXT
INFO <23, 00:59:24, 0, 23> ALGORITHM
DEBUG I am defeated 23 by 0
DEBUG Sending election message 0 to Direction.NEXT
INFO <24, 00:59:24, 0, 24> ALGORITHM
DEBUG I am defeated 24 by 0
DEBUG Sending election message 0 to Direction.NEXT
INFO <25, 00:59:24, 0, 25> ALGORITHM
DEBUG I am defeated 25 by 0
DEBUG Sending election message 0 to Direction.NEXT
INFO <26, 00:59:24, 0, 26> ALGORITHM
DEBUG I am defeated 26 by 0
DEBUG Sending election message 0 to Direction.NEXT
INFO <27, 00:59:24, 0, 27> ALGORITHM
DEBUG I am defeated 27 by 0
DEBUG Sending election message 0 to Direction.NEXT
INFO <28, 00:59:24, 0, 28> ALGORITHM
DEBUG I am defeated 28 by 0
DEBUG Sending election message 0 to Direction.NEXT
INFO <29, 00:59:24, 0, 29> ALGORITHM
DEBUG I am defeated 29 by 0
DEBUG Sending election message 0 to Direction.NEXT
INFO <30, 00:59:24, 0, 30> ALGORITHM
DEBUG I am defeated 30 by 0
DEBUG Sending election message 0 to Direction.NEXT
INFO <31, 00:59:24, 0, 31> ALGORITHM
DEBUG I am defeated 31 by 0
DEBUG Sending election message 0 to Direction.NEXT
INFO <32, 00:59:24, 0, 32> ALGORITHM
DEBUG I am defeated 32 by 0
DEBUG Sending election message 0 to Direction.NEXT
INFO <33, 00:59:24, 0, 33> ALGORITHM
DEBUG I am defeated 33 by 0
DEBUG Sending election message 0 to Direction.NEXT
INFO <34, 00:59:24, 0, 34> ALGORITHM
DEBUG I am defeated 34 by 0
DEBUG Sending election message 0 to Direction.NEXT
INFO <35, 00:59:24, 0, 35> ALGORITHM
DEBUG I am defeated 35 by 0
DEBUG Sending election message 0 to Direction.NEXT
INFO <36, 00:59:24, 0, 36> ALGORITHM
DEBUG I am defeated 36 by 0
DEBUG Sending election message 0 to Direction.NEXT
INFO <37, 00:59:24, 0, 37> ALGORITHM
DEBUG I am defeated 37 by 0
DEBUG Sending election message 0 to Direction.NEXT
INFO <38, 00:59:24, 0, 38> ALGORITHM
DEBUG I am defeated 38 by 0
DEBUG Sending election message 0 to Direction.NEXT
INFO <39, 00:59:24, 0, 39> ALGORITHM
DEBUG I am defeated 39 by 0
DEBUG Sending election message 0 to Direction.NEXT
INFO <40, 00:59:24, 0, 40> ALGORITHM
DEBUG I am defeated 40 by 0
DEBUG Sending election message 0 to Direction.NEXT
INFO <41, 00:59:24, 0, 41> ALGORITHM
DEBUG I am defeated 41 by 0
DEBUG Sending election message 0 to Direction.NEXT
INFO <42, 00:59:24, 0, 42> ALGORITHM
DEBUG I am defeated 42 by 0
DEBUG Sending election message 0 to Direction.NEXT
INFO <43, 00:59:24, 0, 43> ALGORITHM
DEBUG I am defeated 43 by 0
DEBUG Sending election message 0 to Direction.NEXT
INFO <44, 00:59:24, 0, 44> ALGORITHM
DEBUG I am defeated 44 by 0
DEBUG Sending election message 0 to Direction.NEXT
INFO <45, 00:59:24, 0, 45> ALGORITHM
DEBUG I am defeated 45 by 0
DEBUG Sending election message 0 to Direction.NEXT
INFO <46, 00:59:24, 0, 46> ALGORITHM
DEBUG I am defeated 46 by 0
DEBUG Sending election message 0 to Direction.NEXT
INFO <47, 00:59:24, 0, 47> ALGORITHM
DEBUG I am defeated 47 by 0
DEBUG Sending election message 0 to Direction.NEXT
INFO <48, 00:59:24, 0, 48> ALGORITHM
DEBUG I am defeated 48 by 0
DEBUG Sending election message 0 to Direction.NEXT
INFO <49, 00:59:24, 0, 49> ALGORITHM
DEBUG I am defeated 49 by 0
DEBUG Sending election message 0 to Direction.NEXT
INFO <50, 00:59:24, 0, 50> ALGORITHM
DEBUG I am defeated 50 by 0
DEBUG Sending election message 0 to Direction.NEXT
INFO <51, 00:59:24, 0, 51> ALGORITHM
DEBUG I am defeated 51 by 0
DEBUG Sending election message 0 to Direction.NEXT
INFO <52, 00:59:24, 0, 52> ALGORITHM
DEBUG I am defeated 52 by 0
DEBUG Sending election message 0 to Direction.NEXT
INFO <53, 00:59:24, 0, 53> ALGORITHM
DEBUG I am defeated 53 by 0
DEBUG Sending election message 0 to Direction.NEXT
INFO <54, 00:59:24, 0, 54> ALGORITHM
DEBUG I am defeated 54 by 0
DEBUG Sending election message 0 to Direction.NEXT
INFO <55, 00:59:24, 0, 55> ALGORITHM
DEBUG I am defeated 55 by 0
DEBUG Sending election message 0 to Direction.NEXT
INFO <56, 00:59:24, 0, 56> ALGORITHM
DEBUG I am defeated 56 by 0
DEBUG Sending election message 0 to Direction.NEXT
INFO <57, 00:59:24, 0, 57> ALGORITHM
DEBUG I am defeated 57 by 0
DEBUG Sending election message 0 to Direction.NEXT
INFO <58, 00:59:24, 0, 58> ALGORITHM
DEBUG I am defeated 58 by 0
DEBUG Sending election message 0 to Direction.NEXT
INFO <59, 00:59:24, 0, 59> ALGORITHM
DEBUG I am defeated 59 by 0
DEBUG Sending election message 0 to Direction.NEXT
INFO <60, 00:59:24, 0, 60> ALGORITHM
DEBUG I am defeated 60 by 0
DEBUG Sending election message 0 to Direction.NEXT
INFO <61, 00:59:24, 0, 61> ALGORITHM
DEBUG I am defeated 61 by 0
DEBUG Sending election message 0 to Direction.NEXT
INFO <62, 00:59:24, 0, 62> ALGORITHM
DEBUG I am defeated 62 by 0
DEBUG Sending election message 0 to Direction.NEXT
INFO <63, 00:59:24, 0, 63> ALGORITHM
DEBUG I am defeated 63 by 0
DEBUG Sending election message 0 to Direction.NEXT
INFO <64, 00:59:24, 0, 64> ALGORITHM
DEBUG I am defeated 64 by 0
DEBUG Sending election message 0 to Direction.NEXT
INFO <65, 00:59:24, 0, 65> ALGORITHM
DEBUG I am defeated 65 by 0
DEBUG Sending election message 0 to Direction.NEXT
INFO <66, 00:59:24, 0, 66> ALGORITHM
DEBUG I am defeated 66 by 0
DEBUG Sending election message 0 to Direction.NEXT
INFO <67, 00:59:24, 0, 67> ALGORITHM
DEBUG I am defeated 67 by 0
DEBUG Sending election message 0 to Direction.NEXT
INFO <68, 00:59:24, 0, 68> ALGORITHM
DEBUG I am defeated 68 by 0
DEBUG Sending election message 0 to Direction.NEXT
INFO <69, 00:59:24, 0, 69> ALGORITHM
DEBUG I am defeated 69 by 0
DEBUG Sending election message 0 to Direction.NEXT
INFO <0, 00:59:24, 0, 0> ALGORITHM
DEBUG I am the leader 0
DEBUG Sending termination message from 0 to 0 Direction.NEXT
INFO <1, 00:59:24, 0, 1> TERMINATION
DEBUG Termination message on 1 received from 0
DEBUG Sending termination message from 1 to 0 Direction.NEXT
INFO <2, 00:59:24, 0, 2> TERMINATION
DEBUG Termination message on 2 received from 0
DEBUG Sending termination message from 2 to 0 Direction.NEXT
INFO <3, 00:59:24, 0, 3> TERMINATION
DEBUG Termination message on 3 received from 0
DEBUG Sending termination message from 3 to 0 Direction.NEXT
INFO <4, 00:59:24, 0, 4> TERMINATION
DEBUG Termination message on 4 received from 0
DEBUG Sending termination message from 4 to 0 Direction.NEXT
INFO <5, 00:59:24, 0, 5> TERMINATION
DEBUG Termination message on 5 received from 0
DEBUG Sending termination message from 5 to 0 Direction.NEXT
INFO <6, 00:59:24, 0, 6> TERMINATION
DEBUG Termination message on 6 received from 0
DEBUG Sending termination message from 6 to 0 Direction.NEXT
INFO <7, 00:59:24, 0, 7> TERMINATION
DEBUG Termination message on 7 received from 0
DEBUG Sending termination message from 7 to 0 Direction.NEXT
INFO <8, 00:59:24, 0, 8> TERMINATION
DEBUG Termination message on 8 received from 0
DEBUG Sending termination message from 8 to 0 Direction.NEXT
INFO <9, 00:59:24, 0, 9> TERMINATION
DEBUG Termination message on 9 received from 0
DEBUG Sending termination message from 9 to 0 Direction.NEXT
INFO <10, 00:59:24, 0, 10> TERMINATION
DEBUG Termination message on 10 received from 0
DEBUG Sending termination message from 10 to 0 Direction.NEXT
INFO <11, 00:59:24, 0, 11> TERMINATION
DEBUG Termination message on 11 received from 0
DEBUG Sending termination message from 11 to 0 Direction.NEXT
INFO <12, 00:59:24, 0, 12> TERMINATION
DEBUG Termination message on 12 received from 0
DEBUG Sending termination message from 12 to 0 Direction.NEXT
INFO <13, 00:59:24, 0, 13> TERMINATION
DEBUG Termination message on 13 received from 0
DEBUG Sending termination message from 13 to 0 Direction.NEXT
INFO <14, 00:59:24, 0, 14> TERMINATION
DEBUG Termination message on 14 received from 0
DEBUG Sending termination message from 14 to 0 Direction.NEXT
INFO <15, 00:59:24, 0, 15> TERMINATION
DEBUG Termination message on 15 received from 0
DEBUG Sending termination message from 15 to 0 Direction.NEXT
INFO <16, 00:59:24, 0, 16> TERMINATION
DEBUG Termination message on 16 received from 0
DEBUG Sending termination message from 16 to 0 Direction.NEXT
INFO <17, 00:59:24, 0, 17> TERMINATION
DEBUG Termination message on 17 received from 0
DEBUG Sending termination message from 17 to 0 Direction.NEXT
INFO <18, 00:59:24, 0, 18> TERMINATION
DEBUG Termination message on 18 received from 0
DEBUG Sending termination message from 18 to 0 Direction.NEXT
INFO <19, 00:59:24, 0, 19> TERMINATION
DEBUG Termination message on 19 received from 0
DEBUG Sending termination message from 19 to 0 Direction.NEXT
INFO <20, 00:59:24, 0, 20> TERMINATION
DEBUG Termination message on 20 received from 0
DEBUG Sending termination message from 20 to 0 Direction.NEXT
INFO <21, 00:59:24, 0, 21> TERMINATION
DEBUG Termination message on 21 received from 0
DEBUG Sending termination message from 21 to 0 Direction.NEXT
INFO <22, 00:59:24, 0, 22> TERMINATION
DEBUG Termination message on 22 received from 0
DEBUG Sending termination message from 22 to 0 Direction.NEXT
INFO <23, 00:59:24, 0, 23> TERMINATION
DEBUG Termination message on 23 received from 0
DEBUG Sending termination message from 23 to 0 Direction.NEXT
INFO <24, 00:59:24, 0, 24> TERMINATION
DEBUG Termination message on 24 received from 0
DEBUG Sending termination message from 24 to 0 Direction.NEXT
INFO <25, 00:59:24, 0, 25> TERMINATION
DEBUG Termination message on 25 received from 0
DEBUG Sending termination message from 25 to 0 Direction.NEXT
INFO <26, 00:59:24, 0, 26> TERMINATION
DEBUG Termination message on 26 received from 0
DEBUG Sending termination message from 26 to 0 Direction.NEXT
INFO <27, 00:59:24, 0, 27> TERMINATION
DEBUG Termination message on 27 received from 0
DEBUG Sending termination message from 27 to 0 Direction.NEXT
INFO <28, 00:59:24, 0, 28> TERMINATION
DEBUG Termination message on 28 received from 0
DEBUG Sending termination message from 28 to 0 Direction.NEXT
INFO <29, 00:59:24, 0, 29> TERMINATION
DEBUG Termination message on 29 received from 0
DEBUG Sending termination message from 29 to 0 Direction.NEXT
INFO <30, 00:59:24, 0, 30> TERMINATION
DEBUG Termination message on 30 received from 0
DEBUG Sending termination message from 30 to 0 Direction.NEXT
INFO <31, 00:59:24, 0, 31> TERMINATION
DEBUG Termination message on 31 received from 0
DEBUG Sending termination message from 31 to 0 Direction.NEXT
INFO <32, 00:59:24, 0, 32> TERMINATION
DEBUG Termination message on 32 received from 0
DEBUG Sending termination message from 32 to 0 Direction.NEXT
INFO <33, 00:59:24, 0, 33> TERMINATION
DEBUG Termination message on 33 received from 0
DEBUG Sending termination message from 33 to 0 Direction.NEXT
INFO <34, 00:59:24, 0, 34> TERMINATION
DEBUG Termination message on 34 received from 0
DEBUG Sending termination message from 34 to 0 Direction.NEXT
INFO <35, 00:59:24, 0, 35> TERMINATION
DEBUG Termination message on 35 received from 0
DEBUG Sending termination message from 35 to 0 Direction.NEXT
INFO <36, 00:59:24, 0, 36> TERMINATION
DEBUG Termination message on 36 received from 0
DEBUG Sending termination message from 36 to 0 Direction.NEXT
INFO <37, 00:59:24, 0, 37> TERMINATION
DEBUG Termination message on 37 received from 0
DEBUG Sending termination message from 37 to 0 Direction.NEXT
INFO <38, 00:59:24, 0, 38> TERMINATION
DEBUG Termination message on 38 received from 0
DEBUG Sending termination message from 38 to 0 Direction.NEXT
INFO <39, 00:59:24, 0, 39> TERMINATION
DEBUG Termination message on 39 received from 0
DEBUG Sending termination message from 39 to 0 Direction.NEXT
INFO <40, 00:59:24, 0, 40> TERMINATION
DEBUG Termination message on 40 received from 0
DEBUG Sending termination message from 40 to 0 Direction.NEXT
INFO <41, 00:59:24, 0, 41> TERMINATION
DEBUG Termination message on 41 received from 0
DEBUG Sending termination message from 41 to 0 Direction.NEXT
INFO <42, 00:59:24, 0, 42> TERMINATION
DEBUG Termination message on 42 received from 0
DEBUG Sending termination message from 42 to 0 Direction.NEXT
INFO <43, 00:59:24, 0, 43> TERMINATION
DEBUG Termination message on 43 received from 0
DEBUG Sending termination message from 43 to 0 Direction.NEXT
INFO <44, 00:59:24, 0, 44> TERMINATION
DEBUG Termination message on 44 received from 0
DEBUG Sending termination message from 44 to 0 Direction.NEXT
INFO <45, 00:59:24, 0, 45> TERMINATION
DEBUG Termination message on 45 received from 0
DEBUG Sending termination message from 45 to 0 Direction.NEXT
INFO <46, 00:59:24, 0, 46> TERMINATION
DEBUG Termination message on 46 received from 0
DEBUG Sending termination message from 46 to 0 Direction.NEXT
INFO <47, 00:59:24, 0, 47> TERMINATION
DEBUG Termination message on 47 received from 0
DEBUG Sending termination message from 47 to 0 Direction.NEXT
INFO <48, 00:59:24, 0, 48> TERMINATION
DEBUG Termination message on 48 received from 0
DEBUG Sending termination message from 48 to 0 Direction.NEXT
INFO <49, 00:59:24, 0, 49> TERMINATION
DEBUG Termination message on 49 received from 0
DEBUG Sending termination message from 49 to 0 Direction.NEXT
INFO <50, 00:59:24, 0, 50> TERMINATION
DEBUG Termination message on 50 received from 0
DEBUG Sending termination message from 50 to 0 Direction.NEXT
INFO <51, 00:59:24, 0, 51> TERMINATION
DEBUG Termination message on 51 received from 0
DEBUG Sending termination message from 51 to 0 Direction.NEXT
INFO <52, 00:59:24, 0, 52> TERMINATION
DEBUG Termination message on 52 received from 0
DEBUG Sending termination message from 52 to 0 Direction.NEXT
INFO <53, 00:59:24, 0, 53> TERMINATION
DEBUG Termination message on 53 received from 0
DEBUG Sending termination message from 53 to 0 Direction.NEXT
INFO <54, 00:59:24, 0, 54> TERMINATION
DEBUG Termination message on 54 received from 0
DEBUG Sending termination message from 54 to 0 Direction.NEXT
INFO <55, 00:59:24, 0, 55> TERMINATION
DEBUG Termination message on 55 received from 0
DEBUG Sending termination message from 55 to 0 Direction.NEXT
INFO <56, 00:59:24, 0, 56> TERMINATION
DEBUG Termination message on 56 received from 0
DEBUG Sending termination message from 56 to 0 Direction.NEXT
INFO <57, 00:59:24, 0, 57> TERMINATION
DEBUG Termination message on 57 received from 0
DEBUG Sending termination message from 57 to 0 Direction.NEXT
INFO <58, 00:59:24, 0, 58> TERMINATION
DEBUG Termination message on 58 received from 0
DEBUG Sending termination message from 58 to 0 Direction.NEXT
INFO <59, 00:59:24, 0, 59> TERMINATION
DEBUG Termination message on 59 received from 0
DEBUG Sending termination message from 59 to 0 Direction.NEXT
INFO <60, 00:59:24, 0, 60> TERMINATION
DEBUG Termination message on 60 received from 0
DEBUG Sending termination message from 60 to 0 Direction.NEXT
INFO <61, 00:59:24, 0, 61> TERMINATION
DEBUG Termination message on 61 received from 0
DEBUG Sending termination message from 61 to 0 Direction.NEXT
INFO <62, 00:59:24, 0, 62> TERMINATION
DEBUG Termination message on 62 received from 0
DEBUG Sending termination message from 62 to 0 Direction.NEXT
INFO <63, 00:59:24, 0, 63> TERMINATION
DEBUG Termination message on 63 received from 0
DEBUG Sending termination message from 63 to 0 Direction.NEXT
INFO <64, 00:59:24, 0, 64> TERMINATION
DEBUG Termination message on 64 received from 0
DEBUG Sending termination message from 64 to 0 Direction.NEXT
INFO <65, 00:59:24, 0, 65> TERMINATION
DEBUG Termination message on 65 received from 0
DEBUG Sending termination message from 65 to 0 Direction.NEXT
INFO <66, 00:59:24, 0, 66> TERMINATION
DEBUG Termination message on 66 received from 0
DEBUG Sending termination message from 66 to 0 Direction.NEXT
INFO <67, 00:59:24, 0, 67> TERMINATION
DEBUG Termination message on 67 received from 0
DEBUG Sending termination message from 67 to 0 Direction.NEXT
INFO <68, 00:59:24, 0, 68> TERMINATION
DEBUG Termination message on 68 received from 0
DEBUG Sending termination message from 68 to 0 Direction.NEXT
INFO <69, 00:59:24, 0, 69> TERMINATION
DEBUG Termination message on 69 received from 0
DEBUG Sending termination message from 69 to 0 Direction.NEXT
INFO <0, 00:59:24, 0, 0> TERMINATION
DEBUG Termination message on 0 received from 0
DEBUG Sending termination message from 0 to 0 Direction.NEXT
INFO <1, 00:59:24, 0, 1> TERMINATION
DEBUG Termination message on 1 received from 0
