E1228 00:59:25.727695500   11058 socket_utils_common_posix.cc:223]     check for SO_REUSEPORT: UNKNOWN:Protocol not available {syscall:"getsockopt(SO_REUSEPORT)", os_error:"Protocol not available", errno:92, created_time:"2022-12-28T00:59:25.7265947+01:00"}
DEBUG Pivot node initialized: -1
DEBUG Skeleton node is ready
DEBUG Started node id: 0
DEBUG Skeleton node is ready
DEBUG Started node id: 1
DEBUG Skeleton node is ready
DEBUG Started node id: 2
DEBUG Skeleton node is ready
DEBUG Started node id: 3
DEBUG Skeleton node is ready
DEBUG Started node id: 4
INFO <0, 00:59:26, 0, -1> ALIVE_MSG
INFO <4, 00:59:26, 4, -1> ALIVE_MSG
INFO <1, 00:59:26, 1, -1> ALIVE_MSG
DEBUG Skeleton node is ready
INFO <2, 00:59:26, 2, -1> ALIVE_MSG
INFO <3, 00:59:26, 3, -1> ALIVE_MSG
DEBUG Started node id: 5
DEBUG Nodes {0} is ready
DEBUG Nodes {0, 4} is ready
DEBUG Nodes {0, 1, 4} is ready
DEBUG Alive message sent to pivot node
DEBUG Alive message sent to pivot node
DEBUG Nodes {0, 1, 2, 4} is ready
INFO <5, 00:59:26, 5, -1> ALIVE_MSG
DEBUG Skeleton node is ready
DEBUG Alive message sent to pivot node
DEBUG Skeleton node initialized: 0
DEBUG Nodes {0, 1, 2, 3, 4} is ready
DEBUG Skeleton node initialized: 4
DEBUG Alive message sent to pivot node
DEBUG Started node id: 6
DEBUG Skeleton node initialized: 1
DEBUG Nodes {0, 1, 2, 3, 4, 5} is ready
DEBUG Alive message sent to pivot node
DEBUG Skeleton node initialized: 2
INFO <6, 00:59:26, 6, -1> ALIVE_MSG
DEBUG Alive message sent to pivot node
DEBUG Skeleton node is ready
DEBUG Skeleton node initialized: 3
DEBUG Skeleton node initialized: 5
DEBUG Started node id: 7
DEBUG Nodes {0, 1, 2, 3, 4, 5, 6} is ready
DEBUG Alive message sent to pivot node
DEBUG Skeleton node initialized: 6
INFO <7, 00:59:26, 7, -1> ALIVE_MSG
DEBUG Skeleton node is ready
DEBUG Started node id: 8
INFO <8, 00:59:26, 8, -1> ALIVE_MSG
DEBUG Skeleton node is ready
DEBUG Started node id: 9
DEBUG Nodes {0, 1, 2, 3, 4, 5, 6, 7} is ready
DEBUG Alive message sent to pivot node
DEBUG Skeleton node initialized: 7
INFO <9, 00:59:26, 9, -1> ALIVE_MSG
DEBUG Skeleton node is ready
DEBUG Started node id: 10
DEBUG Nodes {0, 1, 2, 3, 4, 5, 6, 7, 8} is ready
DEBUG Alive message sent to pivot node
DEBUG Skeleton node initialized: 8
DEBUG Nodes {0, 1, 2, 3, 4, 5, 6, 7, 8, 9} is ready
INFO <10, 00:59:26, 10, -1> ALIVE_MSG
DEBUG Skeleton node is ready
DEBUG Alive message sent to pivot node
DEBUG Started node id: 11
DEBUG Skeleton node initialized: 9
INFO <11, 00:59:26, 11, -1> ALIVE_MSG
DEBUG Skeleton node is ready
DEBUG Nodes {0, 1, 2, 3, 4, 5, 6, 7, 8, 9, 10} is ready
DEBUG Started node id: 12
DEBUG Alive message sent to pivot node
DEBUG Skeleton node initialized: 10
DEBUG Nodes {0, 1, 2, 3, 4, 5, 6, 7, 8, 9, 10, 11} is ready
INFO <12, 00:59:26, 12, -1> ALIVE_MSG
DEBUG Alive message sent to pivot node
DEBUG Skeleton node is ready
DEBUG Skeleton node initialized: 11
DEBUG Started node id: 13
DEBUG Nodes {0, 1, 2, 3, 4, 5, 6, 7, 8, 9, 10, 11, 12} is ready
INFO <13, 00:59:27, 13, -1> ALIVE_MSG
DEBUG Skeleton node is ready
DEBUG Started node id: 14
DEBUG Alive message sent to pivot node
DEBUG Skeleton node initialized: 12
INFO <14, 00:59:27, 14, -1> ALIVE_MSG
DEBUG Skeleton node is ready
DEBUG Nodes {0, 1, 2, 3, 4, 5, 6, 7, 8, 9, 10, 11, 12, 13} is ready
DEBUG Started node id: 15
DEBUG Alive message sent to pivot node
DEBUG Skeleton node initialized: 13
DEBUG Nodes {0, 1, 2, 3, 4, 5, 6, 7, 8, 9, 10, 11, 12, 13, 14} is ready
DEBUG Alive message sent to pivot node
DEBUG Skeleton node initialized: 14
INFO <15, 00:59:27, 15, -1> ALIVE_MSG
DEBUG Skeleton node is ready
DEBUG Started node id: 16
DEBUG Nodes {0, 1, 2, 3, 4, 5, 6, 7, 8, 9, 10, 11, 12, 13, 14, 15} is ready
INFO <16, 00:59:27, 16, -1> ALIVE_MSG
DEBUG Skeleton node is ready
DEBUG Alive message sent to pivot node
DEBUG Started node id: 17
DEBUG Skeleton node initialized: 15
DEBUG Nodes {0, 1, 2, 3, 4, 5, 6, 7, 8, 9, 10, 11, 12, 13, 14, 15, 16} is ready
DEBUG Alive message sent to pivot node
DEBUG Skeleton node initialized: 16
INFO <17, 00:59:27, 17, -1> ALIVE_MSG
DEBUG Skeleton node is ready
DEBUG Started node id: 18
DEBUG Nodes {0, 1, 2, 3, 4, 5, 6, 7, 8, 9, 10, 11, 12, 13, 14, 15, 16, 17} is ready
DEBUG Alive message sent to pivot node
DEBUG Skeleton node initialized: 17
INFO <18, 00:59:27, 18, -1> ALIVE_MSG
DEBUG Skeleton node is ready
DEBUG Started node id: 19
INFO <19, 00:59:27, 19, -1> ALIVE_MSG
DEBUG Skeleton node is ready
DEBUG Started node id: 20
DEBUG Nodes {0, 1, 2, 3, 4, 5, 6, 7, 8, 9, 10, 11, 12, 13, 14, 15, 16, 17, 18} is ready
DEBUG Alive message sent to pivot node
DEBUG Skeleton node initialized: 18
DEBUG Nodes {0, 1, 2, 3, 4, 5, 6, 7, 8, 9, 10, 11, 12, 13, 14, 15, 16, 17, 18, 19} is ready
INFO <20, 00:59:27, 20, -1> ALIVE_MSG
DEBUG Skeleton node is ready
DEBUG Alive message sent to pivot node
DEBUG Started node id: 21
DEBUG Skeleton node initialized: 19
INFO <21, 00:59:27, 21, -1> ALIVE_MSG
DEBUG Skeleton node is ready
DEBUG Started node id: 22
DEBUG Nodes {0, 1, 2, 3, 4, 5, 6, 7, 8, 9, 10, 11, 12, 13, 14, 15, 16, 17, 18, 19, 20} is ready
DEBUG Alive message sent to pivot node
DEBUG Skeleton node initialized: 20
DEBUG Nodes {0, 1, 2, 3, 4, 5, 6, 7, 8, 9, 10, 11, 12, 13, 14, 15, 16, 17, 18, 19, 20, 21} is ready
INFO <22, 00:59:27, 22, -1> ALIVE_MSG
DEBUG Skeleton node is ready
DEBUG Started node id: 23
DEBUG Alive message sent to pivot node
DEBUG Skeleton node initialized: 21
INFO <23, 00:59:27, 23, -1> ALIVE_MSG
DEBUG Skeleton node is ready
DEBUG Started node id: 24
DEBUG Nodes {0, 1, 2, 3, 4, 5, 6, 7, 8, 9, 10, 11, 12, 13, 14, 15, 16, 17, 18, 19, 20, 21, 22} is ready
DEBUG Nodes {0, 1, 2, 3, 4, 5, 6, 7, 8, 9, 10, 11, 12, 13, 14, 15, 16, 17, 18, 19, 20, 21, 22, 23} is ready
DEBUG Alive message sent to pivot node
INFO <24, 00:59:27, 24, -1> ALIVE_MSG
DEBUG Skeleton node is ready
DEBUG Alive message sent to pivot node
DEBUG Skeleton node initialized: 22
DEBUG Started node id: 25
DEBUG Skeleton node initialized: 23
DEBUG Nodes {0, 1, 2, 3, 4, 5, 6, 7, 8, 9, 10, 11, 12, 13, 14, 15, 16, 17, 18, 19, 20, 21, 22, 23, 24} is ready
DEBUG Alive message sent to pivot node
INFO <25, 00:59:27, 25, -1> ALIVE_MSG
DEBUG Skeleton node initialized: 24
DEBUG Skeleton node is ready
DEBUG Started node id: 26
INFO <26, 00:59:28, 26, -1> ALIVE_MSG
DEBUG Skeleton node is ready
DEBUG Started node id: 27
DEBUG Nodes {0, 1, 2, 3, 4, 5, 6, 7, 8, 9, 10, 11, 12, 13, 14, 15, 16, 17, 18, 19, 20, 21, 22, 23, 24, 25} is ready
INFO <27, 00:59:28, 27, -1> ALIVE_MSG
DEBUG Skeleton node is ready
DEBUG Alive message sent to pivot node
DEBUG Started node id: 28
DEBUG Nodes {0, 1, 2, 3, 4, 5, 6, 7, 8, 9, 10, 11, 12, 13, 14, 15, 16, 17, 18, 19, 20, 21, 22, 23, 24, 25, 26} is ready
DEBUG Nodes {0, 1, 2, 3, 4, 5, 6, 7, 8, 9, 10, 11, 12, 13, 14, 15, 16, 17, 18, 19, 20, 21, 22, 23, 24, 25, 26, 27} is ready
DEBUG Skeleton node initialized: 25
INFO <28, 00:59:28, 28, -1> ALIVE_MSG
DEBUG Skeleton node is ready
DEBUG Alive message sent to pivot node
DEBUG Alive message sent to pivot node
DEBUG Started node id: 29
DEBUG Skeleton node initialized: 27
DEBUG Skeleton node initialized: 26
DEBUG Nodes {0, 1, 2, 3, 4, 5, 6, 7, 8, 9, 10, 11, 12, 13, 14, 15, 16, 17, 18, 19, 20, 21, 22, 23, 24, 25, 26, 27, 28} is ready
DEBUG Alive message sent to pivot node
INFO <29, 00:59:28, 29, -1> ALIVE_MSG
DEBUG Skeleton node is ready
DEBUG Skeleton node initialized: 28
DEBUG Started node id: 30
DEBUG Nodes {0, 1, 2, 3, 4, 5, 6, 7, 8, 9, 10, 11, 12, 13, 14, 15, 16, 17, 18, 19, 20, 21, 22, 23, 24, 25, 26, 27, 28, 29} is ready
INFO <30, 00:59:28, 30, -1> ALIVE_MSG
DEBUG Skeleton node is ready
DEBUG Alive message sent to pivot node
DEBUG Started node id: 31
DEBUG Skeleton node initialized: 29
DEBUG Nodes {0, 1, 2, 3, 4, 5, 6, 7, 8, 9, 10, 11, 12, 13, 14, 15, 16, 17, 18, 19, 20, 21, 22, 23, 24, 25, 26, 27, 28, 29, 30} is ready
DEBUG Alive message sent to pivot node
INFO <31, 00:59:28, 31, -1> ALIVE_MSG
DEBUG Skeleton node is ready
DEBUG Skeleton node initialized: 30
DEBUG Started node id: 32
DEBUG Nodes {0, 1, 2, 3, 4, 5, 6, 7, 8, 9, 10, 11, 12, 13, 14, 15, 16, 17, 18, 19, 20, 21, 22, 23, 24, 25, 26, 27, 28, 29, 30, 31} is ready
DEBUG Alive message sent to pivot node
INFO <32, 00:59:28, 32, -1> ALIVE_MSG
DEBUG Skeleton node is ready
DEBUG Skeleton node initialized: 31
DEBUG Started node id: 33
DEBUG Nodes {0, 1, 2, 3, 4, 5, 6, 7, 8, 9, 10, 11, 12, 13, 14, 15, 16, 17, 18, 19, 20, 21, 22, 23, 24, 25, 26, 27, 28, 29, 30, 31, 32} is ready
DEBUG Alive message sent to pivot node
INFO <33, 00:59:28, 33, -1> ALIVE_MSG
DEBUG Skeleton node is ready
DEBUG Skeleton node initialized: 32
DEBUG Started node id: 34
INFO <34, 00:59:28, 34, -1> ALIVE_MSG
DEBUG Skeleton node is ready
DEBUG Started node id: 35
DEBUG Nodes {0, 1, 2, 3, 4, 5, 6, 7, 8, 9, 10, 11, 12, 13, 14, 15, 16, 17, 18, 19, 20, 21, 22, 23, 24, 25, 26, 27, 28, 29, 30, 31, 32, 33} is ready
DEBUG Alive message sent to pivot node
DEBUG Skeleton node initialized: 33
DEBUG Nodes {0, 1, 2, 3, 4, 5, 6, 7, 8, 9, 10, 11, 12, 13, 14, 15, 16, 17, 18, 19, 20, 21, 22, 23, 24, 25, 26, 27, 28, 29, 30, 31, 32, 33, 34} is ready
INFO <35, 00:59:28, 35, -1> ALIVE_MSG
DEBUG Alive message sent to pivot node
DEBUG Skeleton node is ready
DEBUG Skeleton node initialized: 34
DEBUG Started node id: 36
DEBUG Nodes {0, 1, 2, 3, 4, 5, 6, 7, 8, 9, 10, 11, 12, 13, 14, 15, 16, 17, 18, 19, 20, 21, 22, 23, 24, 25, 26, 27, 28, 29, 30, 31, 32, 33, 34, 35} is ready
INFO <36, 00:59:28, 36, -1> ALIVE_MSG
DEBUG Skeleton node is ready
DEBUG Alive message sent to pivot node
DEBUG Started node id: 37
DEBUG Skeleton node initialized: 35
INFO <37, 00:59:28, 37, -1> ALIVE_MSG
DEBUG Nodes {0, 1, 2, 3, 4, 5, 6, 7, 8, 9, 10, 11, 12, 13, 14, 15, 16, 17, 18, 19, 20, 21, 22, 23, 24, 25, 26, 27, 28, 29, 30, 31, 32, 33, 34, 35, 36} is ready
DEBUG Skeleton node is ready
DEBUG Started node id: 38
DEBUG Alive message sent to pivot node
DEBUG Skeleton node initialized: 36
INFO <38, 00:59:29, 38, -1> ALIVE_MSG
DEBUG Skeleton node is ready
DEBUG Nodes {0, 1, 2, 3, 4, 5, 6, 7, 8, 9, 10, 11, 12, 13, 14, 15, 16, 17, 18, 19, 20, 21, 22, 23, 24, 25, 26, 27, 28, 29, 30, 31, 32, 33, 34, 35, 36, 37} is ready
DEBUG Started node id: 39
DEBUG Alive message sent to pivot node
DEBUG Skeleton node initialized: 37
DEBUG Nodes {0, 1, 2, 3, 4, 5, 6, 7, 8, 9, 10, 11, 12, 13, 14, 15, 16, 17, 18, 19, 20, 21, 22, 23, 24, 25, 26, 27, 28, 29, 30, 31, 32, 33, 34, 35, 36, 37, 38} is ready
DEBUG Alive message sent to pivot node
DEBUG Skeleton node initialized: 38
INFO <39, 00:59:29, 39, -1> ALIVE_MSG
DEBUG Skeleton node is ready
DEBUG Started node id: 40
DEBUG Nodes {0, 1, 2, 3, 4, 5, 6, 7, 8, 9, 10, 11, 12, 13, 14, 15, 16, 17, 18, 19, 20, 21, 22, 23, 24, 25, 26, 27, 28, 29, 30, 31, 32, 33, 34, 35, 36, 37, 38, 39} is ready
DEBUG Alive message sent to pivot node
DEBUG Skeleton node initialized: 39
INFO <40, 00:59:29, 40, -1> ALIVE_MSG
DEBUG Skeleton node is ready
DEBUG Started node id: 41
DEBUG Nodes {0, 1, 2, 3, 4, 5, 6, 7, 8, 9, 10, 11, 12, 13, 14, 15, 16, 17, 18, 19, 20, 21, 22, 23, 24, 25, 26, 27, 28, 29, 30, 31, 32, 33, 34, 35, 36, 37, 38, 39, 40} is ready
INFO <41, 00:59:29, 41, -1> ALIVE_MSG
DEBUG Alive message sent to pivot node
DEBUG Skeleton node initialized: 40
DEBUG Skeleton node is ready
DEBUG Started node id: 42
INFO <42, 00:59:29, 42, -1> ALIVE_MSG
DEBUG Skeleton node is ready
DEBUG Started node id: 43
DEBUG Nodes {0, 1, 2, 3, 4, 5, 6, 7, 8, 9, 10, 11, 12, 13, 14, 15, 16, 17, 18, 19, 20, 21, 22, 23, 24, 25, 26, 27, 28, 29, 30, 31, 32, 33, 34, 35, 36, 37, 38, 39, 40, 41} is ready
DEBUG Nodes {0, 1, 2, 3, 4, 5, 6, 7, 8, 9, 10, 11, 12, 13, 14, 15, 16, 17, 18, 19, 20, 21, 22, 23, 24, 25, 26, 27, 28, 29, 30, 31, 32, 33, 34, 35, 36, 37, 38, 39, 40, 41, 42} is ready
DEBUG Alive message sent to pivot node
DEBUG Alive message sent to pivot node
DEBUG Skeleton node initialized: 41
INFO <43, 00:59:29, 43, -1> ALIVE_MSG
DEBUG Skeleton node is ready
DEBUG Skeleton node initialized: 42
DEBUG Started node id: 44
DEBUG Nodes {0, 1, 2, 3, 4, 5, 6, 7, 8, 9, 10, 11, 12, 13, 14, 15, 16, 17, 18, 19, 20, 21, 22, 23, 24, 25, 26, 27, 28, 29, 30, 31, 32, 33, 34, 35, 36, 37, 38, 39, 40, 41, 42, 43} is ready
INFO <44, 00:59:29, 44, -1> ALIVE_MSG
DEBUG Skeleton node is ready
DEBUG Alive message sent to pivot node
DEBUG Started node id: 45
DEBUG Skeleton node initialized: 43
DEBUG Nodes {0, 1, 2, 3, 4, 5, 6, 7, 8, 9, 10, 11, 12, 13, 14, 15, 16, 17, 18, 19, 20, 21, 22, 23, 24, 25, 26, 27, 28, 29, 30, 31, 32, 33, 34, 35, 36, 37, 38, 39, 40, 41, 42, 43, 44} is ready
DEBUG Alive message sent to pivot node
DEBUG Skeleton node initialized: 44
INFO <45, 00:59:29, 45, -1> ALIVE_MSG
DEBUG Skeleton node is ready
DEBUG Nodes {0, 1, 2, 3, 4, 5, 6, 7, 8, 9, 10, 11, 12, 13, 14, 15, 16, 17, 18, 19, 20, 21, 22, 23, 24, 25, 26, 27, 28, 29, 30, 31, 32, 33, 34, 35, 36, 37, 38, 39, 40, 41, 42, 43, 44, 45} is ready
DEBUG Started node id: 46
DEBUG Alive message sent to pivot node
DEBUG Skeleton node initialized: 45
INFO <46, 00:59:29, 46, -1> ALIVE_MSG
DEBUG Skeleton node is ready
DEBUG Started node id: 47
DEBUG Nodes {0, 1, 2, 3, 4, 5, 6, 7, 8, 9, 10, 11, 12, 13, 14, 15, 16, 17, 18, 19, 20, 21, 22, 23, 24, 25, 26, 27, 28, 29, 30, 31, 32, 33, 34, 35, 36, 37, 38, 39, 40, 41, 42, 43, 44, 45, 46} is ready
DEBUG Alive message sent to pivot node
DEBUG Skeleton node initialized: 46
INFO <47, 00:59:29, 47, -1> ALIVE_MSG
DEBUG Skeleton node is ready
DEBUG Started node id: 48
INFO <48, 00:59:30, 48, -1> ALIVE_MSG
DEBUG Skeleton node is ready
DEBUG Started node id: 49
DEBUG Nodes {0, 1, 2, 3, 4, 5, 6, 7, 8, 9, 10, 11, 12, 13, 14, 15, 16, 17, 18, 19, 20, 21, 22, 23, 24, 25, 26, 27, 28, 29, 30, 31, 32, 33, 34, 35, 36, 37, 38, 39, 40, 41, 42, 43, 44, 45, 46, 47} is ready
DEBUG Alive message sent to pivot node
DEBUG Skeleton node initialized: 47
DEBUG Nodes {0, 1, 2, 3, 4, 5, 6, 7, 8, 9, 10, 11, 12, 13, 14, 15, 16, 17, 18, 19, 20, 21, 22, 23, 24, 25, 26, 27, 28, 29, 30, 31, 32, 33, 34, 35, 36, 37, 38, 39, 40, 41, 42, 43, 44, 45, 46, 47, 48} is ready
INFO <49, 00:59:30, 49, -1> ALIVE_MSG
DEBUG Alive message sent to pivot node
DEBUG Skeleton node is ready
DEBUG Started node id: 50
DEBUG Nodes {0, 1, 2, 3, 4, 5, 6, 7, 8, 9, 10, 11, 12, 13, 14, 15, 16, 17, 18, 19, 20, 21, 22, 23, 24, 25, 26, 27, 28, 29, 30, 31, 32, 33, 34, 35, 36, 37, 38, 39, 40, 41, 42, 43, 44, 45, 46, 47, 48, 49} is ready
DEBUG Skeleton node initialized: 48
INFO <50, 00:59:30, 50, -1> ALIVE_MSG
DEBUG Skeleton node is ready
DEBUG Alive message sent to pivot node
DEBUG Started node id: 51
DEBUG Skeleton node initialized: 49
DEBUG Nodes {0, 1, 2, 3, 4, 5, 6, 7, 8, 9, 10, 11, 12, 13, 14, 15, 16, 17, 18, 19, 20, 21, 22, 23, 24, 25, 26, 27, 28, 29, 30, 31, 32, 33, 34, 35, 36, 37, 38, 39, 40, 41, 42, 43, 44, 45, 46, 47, 48, 49, 50} is ready
DEBUG Alive message sent to pivot node
DEBUG Skeleton node initialized: 50
INFO <51, 00:59:30, 51, -1> ALIVE_MSG
DEBUG Skeleton node is ready
DEBUG Started node id: 52
DEBUG Nodes {0, 1, 2, 3, 4, 5, 6, 7, 8, 9, 10, 11, 12, 13, 14, 15, 16, 17, 18, 19, 20, 21, 22, 23, 24, 25, 26, 27, 28, 29, 30, 31, 32, 33, 34, 35, 36, 37, 38, 39, 40, 41, 42, 43, 44, 45, 46, 47, 48, 49, 50, 51} is ready
DEBUG Alive message sent to pivot node
DEBUG Skeleton node initialized: 51
INFO <52, 00:59:30, 52, -1> ALIVE_MSG
DEBUG Skeleton node is ready
DEBUG Started node id: 53
DEBUG Nodes {0, 1, 2, 3, 4, 5, 6, 7, 8, 9, 10, 11, 12, 13, 14, 15, 16, 17, 18, 19, 20, 21, 22, 23, 24, 25, 26, 27, 28, 29, 30, 31, 32, 33, 34, 35, 36, 37, 38, 39, 40, 41, 42, 43, 44, 45, 46, 47, 48, 49, 50, 51, 52} is ready
DEBUG Alive message sent to pivot node
DEBUG Skeleton node initialized: 52
INFO <53, 00:59:30, 53, -1> ALIVE_MSG
DEBUG Skeleton node is ready
DEBUG Started node id: 54
DEBUG Nodes {0, 1, 2, 3, 4, 5, 6, 7, 8, 9, 10, 11, 12, 13, 14, 15, 16, 17, 18, 19, 20, 21, 22, 23, 24, 25, 26, 27, 28, 29, 30, 31, 32, 33, 34, 35, 36, 37, 38, 39, 40, 41, 42, 43, 44, 45, 46, 47, 48, 49, 50, 51, 52, 53} is ready
INFO <54, 00:59:30, 54, -1> ALIVE_MSG
DEBUG Skeleton node is ready
DEBUG Alive message sent to pivot node
DEBUG Started node id: 55
DEBUG Skeleton node initialized: 53
DEBUG Nodes {0, 1, 2, 3, 4, 5, 6, 7, 8, 9, 10, 11, 12, 13, 14, 15, 16, 17, 18, 19, 20, 21, 22, 23, 24, 25, 26, 27, 28, 29, 30, 31, 32, 33, 34, 35, 36, 37, 38, 39, 40, 41, 42, 43, 44, 45, 46, 47, 48, 49, 50, 51, 52, 53, 54} is ready
INFO <55, 00:59:30, 55, -1> ALIVE_MSG
DEBUG Skeleton node is ready
DEBUG Started node id: 56
DEBUG Alive message sent to pivot node
DEBUG Skeleton node initialized: 54
INFO <56, 00:59:30, 56, -1> ALIVE_MSG
DEBUG Skeleton node is ready
DEBUG Started node id: 57
DEBUG Nodes {0, 1, 2, 3, 4, 5, 6, 7, 8, 9, 10, 11, 12, 13, 14, 15, 16, 17, 18, 19, 20, 21, 22, 23, 24, 25, 26, 27, 28, 29, 30, 31, 32, 33, 34, 35, 36, 37, 38, 39, 40, 41, 42, 43, 44, 45, 46, 47, 48, 49, 50, 51, 52, 53, 54, 55} is ready
DEBUG Alive message sent to pivot node
DEBUG Skeleton node initialized: 55
INFO <57, 00:59:30, 57, -1> ALIVE_MSG
DEBUG Nodes {0, 1, 2, 3, 4, 5, 6, 7, 8, 9, 10, 11, 12, 13, 14, 15, 16, 17, 18, 19, 20, 21, 22, 23, 24, 25, 26, 27, 28, 29, 30, 31, 32, 33, 34, 35, 36, 37, 38, 39, 40, 41, 42, 43, 44, 45, 46, 47, 48, 49, 50, 51, 52, 53, 54, 55, 56} is ready
DEBUG Skeleton node is ready
DEBUG Started node id: 58
DEBUG Alive message sent to pivot node
DEBUG Skeleton node initialized: 56
INFO <58, 00:59:30, 58, -1> ALIVE_MSG
DEBUG Skeleton node is ready
DEBUG Started node id: 59
DEBUG Nodes {0, 1, 2, 3, 4, 5, 6, 7, 8, 9, 10, 11, 12, 13, 14, 15, 16, 17, 18, 19, 20, 21, 22, 23, 24, 25, 26, 27, 28, 29, 30, 31, 32, 33, 34, 35, 36, 37, 38, 39, 40, 41, 42, 43, 44, 45, 46, 47, 48, 49, 50, 51, 52, 53, 54, 55, 56, 57} is ready
DEBUG Alive message sent to pivot node
DEBUG Nodes {0, 1, 2, 3, 4, 5, 6, 7, 8, 9, 10, 11, 12, 13, 14, 15, 16, 17, 18, 19, 20, 21, 22, 23, 24, 25, 26, 27, 28, 29, 30, 31, 32, 33, 34, 35, 36, 37, 38, 39, 40, 41, 42, 43, 44, 45, 46, 47, 48, 49, 50, 51, 52, 53, 54, 55, 56, 57, 58} is ready
DEBUG Skeleton node initialized: 57
INFO <59, 00:59:31, 59, -1> ALIVE_MSG
DEBUG Alive message sent to pivot node
DEBUG Skeleton node initialized: 58
DEBUG Skeleton node is ready
DEBUG Started node id: 60
DEBUG Nodes {0, 1, 2, 3, 4, 5, 6, 7, 8, 9, 10, 11, 12, 13, 14, 15, 16, 17, 18, 19, 20, 21, 22, 23, 24, 25, 26, 27, 28, 29, 30, 31, 32, 33, 34, 35, 36, 37, 38, 39, 40, 41, 42, 43, 44, 45, 46, 47, 48, 49, 50, 51, 52, 53, 54, 55, 56, 57, 58, 59} is ready
INFO <60, 00:59:31, 60, -1> ALIVE_MSG
DEBUG Skeleton node is ready
DEBUG Started node id: 61
DEBUG Alive message sent to pivot node
DEBUG Skeleton node initialized: 59
INFO <61, 00:59:31, 61, -1> ALIVE_MSG
DEBUG Nodes {0, 1, 2, 3, 4, 5, 6, 7, 8, 9, 10, 11, 12, 13, 14, 15, 16, 17, 18, 19, 20, 21, 22, 23, 24, 25, 26, 27, 28, 29, 30, 31, 32, 33, 34, 35, 36, 37, 38, 39, 40, 41, 42, 43, 44, 45, 46, 47, 48, 49, 50, 51, 52, 53, 54, 55, 56, 57, 58, 59, 60} is ready
DEBUG Skeleton node is ready
DEBUG Started node id: 62
DEBUG Alive message sent to pivot node
DEBUG Skeleton node initialized: 60
INFO <62, 00:59:31, 62, -1> ALIVE_MSG
DEBUG Skeleton node is ready
DEBUG Started node id: 63
DEBUG Nodes {0, 1, 2, 3, 4, 5, 6, 7, 8, 9, 10, 11, 12, 13, 14, 15, 16, 17, 18, 19, 20, 21, 22, 23, 24, 25, 26, 27, 28, 29, 30, 31, 32, 33, 34, 35, 36, 37, 38, 39, 40, 41, 42, 43, 44, 45, 46, 47, 48, 49, 50, 51, 52, 53, 54, 55, 56, 57, 58, 59, 60, 61} is ready
DEBUG Alive message sent to pivot node
DEBUG Nodes {0, 1, 2, 3, 4, 5, 6, 7, 8, 9, 10, 11, 12, 13, 14, 15, 16, 17, 18, 19, 20, 21, 22, 23, 24, 25, 26, 27, 28, 29, 30, 31, 32, 33, 34, 35, 36, 37, 38, 39, 40, 41, 42, 43, 44, 45, 46, 47, 48, 49, 50, 51, 52, 53, 54, 55, 56, 57, 58, 59, 60, 61, 62} is ready
DEBUG Skeleton node initialized: 61
INFO <63, 00:59:31, 63, -1> ALIVE_MSG
DEBUG Skeleton node is ready
DEBUG Alive message sent to pivot node
DEBUG Started node id: 64
DEBUG Skeleton node initialized: 62
Traceback (most recent call last):
INFO <64, 00:59:31, 64, -1> ALIVE_MSG
  File "/mnt/d/Documents/school/fit/prvy/dsv/ulohy/assignment/main.py", line 100, in <module>
DEBUG Nodes {0, 1, 2, 3, 4, 5, 6, 7, 8, 9, 10, 11, 12, 13, 14, 15, 16, 17, 18, 19, 20, 21, 22, 23, 24, 25, 26, 27, 28, 29, 30, 31, 32, 33, 34, 35, 36, 37, 38, 39, 40, 41, 42, 43, 44, 45, 46, 47, 48, 49, 50, 51, 52, 53, 54, 55, 56, 57, 58, 59, 60, 61, 62, 63} is ready
DEBUG Alive message sent to pivot node
DEBUG Skeleton node initialized: 63
    main()
  File "/mnt/d/Documents/school/fit/prvy/dsv/ulohy/assignment/main.py", line 90, in main
DEBUG Nodes {0, 1, 2, 3, 4, 5, 6, 7, 8, 9, 10, 11, 12, 13, 14, 15, 16, 17, 18, 19, 20, 21, 22, 23, 24, 25, 26, 27, 28, 29, 30, 31, 32, 33, 34, 35, 36, 37, 38, 39, 40, 41, 42, 43, 44, 45, 46, 47, 48, 49, 50, 51, 52, 53, 54, 55, 56, 57, 58, 59, 60, 61, 62, 63, 64} is ready
DEBUG Alive message sent to pivot node
DEBUG Skeleton node initialized: 64
    ring = create_ring(ring_generator, pivot_node)
  File "/mnt/d/Documents/school/fit/prvy/dsv/ulohy/assignment/main.py", line 60, in create_ring
    node.start_node()
  File "/mnt/d/Documents/school/fit/prvy/dsv/ulohy/assignment/node.py", line 263, in start_node
    while not self.is_node_ready:
KeyboardInterrupt
