E1228 00:58:14.226829200    7979 socket_utils_common_posix.cc:223]     check for SO_REUSEPORT: UNKNOWN:Protocol not available {created_time:"2022-12-28T00:58:14.2260268+01:00", errno:92, os_error:"Protocol not available", syscall:"getsockopt(SO_REUSEPORT)"}
DEBUG Pivot node initialized: -1
DEBUG Skeleton node is ready
DEBUG Started node id: 0
DEBUG Skeleton node is ready
DEBUG Started node id: 1
DEBUG Skeleton node is ready
DEBUG Started node id: 2
DEBUG Skeleton node is ready
DEBUG Started node id: 3
DEBUG Skeleton node is ready
DEBUG Started node id: 4
DEBUG Skeleton node is ready
DEBUG Started node id: 5
INFO <0, 00:58:14, 0, -1> ALIVE_MSG
INFO <5, 00:58:14, 5, -1> ALIVE_MSG
DEBUG Skeleton node is ready
INFO <1, 00:58:14, 1, -1> ALIVE_MSG
INFO <2, 00:58:14, 2, -1> ALIVE_MSG
INFO <3, 00:58:14, 3, -1> ALIVE_MSG
INFO <4, 00:58:14, 4, -1> ALIVE_MSG
DEBUG Started node id: 6
DEBUG Nodes {5} is ready
DEBUG Nodes {0, 5} is ready
DEBUG Nodes {0, 2, 5} is ready
DEBUG Alive message sent to pivot node
DEBUG Nodes {0, 1, 2, 5} is ready
DEBUG Nodes {0, 1, 2, 3, 5} is ready
DEBUG Alive message sent to pivot node
DEBUG Alive message sent to pivot node
DEBUG Skeleton node initialized: 5
INFO <6, 00:58:14, 6, -1> ALIVE_MSG
DEBUG Nodes {0, 1, 2, 3, 4, 5} is ready
DEBUG Skeleton node is ready
DEBUG Alive message sent to pivot node
DEBUG Skeleton node initialized: 0
DEBUG Alive message sent to pivot node
DEBUG Skeleton node initialized: 2
DEBUG Started node id: 7
DEBUG Alive message sent to pivot node
DEBUG Skeleton node initialized: 3
DEBUG Nodes {0, 1, 2, 3, 4, 5, 6} is ready
DEBUG Skeleton node initialized: 1
DEBUG Skeleton node initialized: 4
INFO <7, 00:58:14, 7, -1> ALIVE_MSG
DEBUG Skeleton node is ready
DEBUG Alive message sent to pivot node
DEBUG Started node id: 8
DEBUG Skeleton node initialized: 6
DEBUG Nodes {0, 1, 2, 3, 4, 5, 6, 7} is ready
DEBUG Alive message sent to pivot node
INFO <8, 00:58:15, 8, -1> ALIVE_MSG
DEBUG Skeleton node is ready
DEBUG Skeleton node initialized: 7
DEBUG Started node id: 9
DEBUG Nodes {0, 1, 2, 3, 4, 5, 6, 7, 8} is ready
INFO <9, 00:58:15, 9, -1> ALIVE_MSG
DEBUG Skeleton node is ready
DEBUG Alive message sent to pivot node
DEBUG Started node id: 10
DEBUG Skeleton node initialized: 8
DEBUG Nodes {0, 1, 2, 3, 4, 5, 6, 7, 8, 9} is ready
DEBUG Alive message sent to pivot node
DEBUG Skeleton node initialized: 9
INFO <10, 00:58:15, 10, -1> ALIVE_MSG
DEBUG Skeleton node is ready
DEBUG Started node id: 11
DEBUG Nodes {0, 1, 2, 3, 4, 5, 6, 7, 8, 9, 10} is ready
DEBUG Alive message sent to pivot node
INFO <11, 00:58:15, 11, -1> ALIVE_MSG
DEBUG Skeleton node initialized: 10
DEBUG Skeleton node is ready
DEBUG Started node id: 12
DEBUG Nodes {0, 1, 2, 3, 4, 5, 6, 7, 8, 9, 10, 11} is ready
DEBUG Alive message sent to pivot node
DEBUG Skeleton node initialized: 11
INFO <12, 00:58:15, 12, -1> ALIVE_MSG
DEBUG Skeleton node is ready
DEBUG Started node id: 13
DEBUG Nodes {0, 1, 2, 3, 4, 5, 6, 7, 8, 9, 10, 11, 12} is ready
INFO <13, 00:58:15, 13, -1> ALIVE_MSG
DEBUG Skeleton node is ready
DEBUG Started node id: 14
DEBUG Alive message sent to pivot node
DEBUG Skeleton node initialized: 12
INFO <14, 00:58:15, 14, -1> ALIVE_MSG
DEBUG Skeleton node is ready
DEBUG Nodes {0, 1, 2, 3, 4, 5, 6, 7, 8, 9, 10, 11, 12, 13} is ready
DEBUG Started node id: 15
DEBUG Alive message sent to pivot node
DEBUG Skeleton node initialized: 13
INFO <15, 00:58:15, 15, -1> ALIVE_MSG
DEBUG Skeleton node is ready
DEBUG Nodes {0, 1, 2, 3, 4, 5, 6, 7, 8, 9, 10, 11, 12, 13, 14} is ready
DEBUG Started node id: 16
DEBUG Alive message sent to pivot node
DEBUG Skeleton node initialized: 14
DEBUG Nodes {0, 1, 2, 3, 4, 5, 6, 7, 8, 9, 10, 11, 12, 13, 14, 15} is ready
INFO <16, 00:58:15, 16, -1> ALIVE_MSG
DEBUG Skeleton node is ready
DEBUG Started node id: 17
DEBUG Alive message sent to pivot node
DEBUG Skeleton node initialized: 15
DEBUG Nodes {0, 1, 2, 3, 4, 5, 6, 7, 8, 9, 10, 11, 12, 13, 14, 15, 16} is ready
DEBUG Alive message sent to pivot node
DEBUG Skeleton node initialized: 16
INFO <17, 00:58:16, 17, -1> ALIVE_MSG
DEBUG Skeleton node is ready
DEBUG Started node id: 18
INFO <18, 00:58:16, 18, -1> ALIVE_MSG
DEBUG Skeleton node is ready
DEBUG Nodes {0, 1, 2, 3, 4, 5, 6, 7, 8, 9, 10, 11, 12, 13, 14, 15, 16, 17} is ready
DEBUG Started node id: 19
DEBUG Alive message sent to pivot node
DEBUG Nodes {0, 1, 2, 3, 4, 5, 6, 7, 8, 9, 10, 11, 12, 13, 14, 15, 16, 17, 18} is ready
DEBUG Skeleton node initialized: 17
INFO <19, 00:58:16, 19, -1> ALIVE_MSG
DEBUG Skeleton node is ready
DEBUG Alive message sent to pivot node
DEBUG Started node id: 20
DEBUG Skeleton node initialized: 18
DEBUG Nodes {0, 1, 2, 3, 4, 5, 6, 7, 8, 9, 10, 11, 12, 13, 14, 15, 16, 17, 18, 19} is ready
DEBUG Alive message sent to pivot node
DEBUG Skeleton node initialized: 19
INFO <20, 00:58:16, 20, -1> ALIVE_MSG
DEBUG Skeleton node is ready
DEBUG Started node id: 21
DEBUG Nodes {0, 1, 2, 3, 4, 5, 6, 7, 8, 9, 10, 11, 12, 13, 14, 15, 16, 17, 18, 19, 20} is ready
INFO <21, 00:58:16, 21, -1> ALIVE_MSG
DEBUG Skeleton node is ready
DEBUG Started node id: 22
DEBUG Alive message sent to pivot node
DEBUG Nodes {0, 1, 2, 3, 4, 5, 6, 7, 8, 9, 10, 11, 12, 13, 14, 15, 16, 17, 18, 19, 20, 21} is ready
DEBUG Skeleton node initialized: 20
INFO <22, 00:58:16, 22, -1> ALIVE_MSG
DEBUG Skeleton node is ready
DEBUG Alive message sent to pivot node
DEBUG Started node id: 23
DEBUG Skeleton node initialized: 21
DEBUG Nodes {0, 1, 2, 3, 4, 5, 6, 7, 8, 9, 10, 11, 12, 13, 14, 15, 16, 17, 18, 19, 20, 21, 22} is ready
INFO <23, 00:58:16, 23, -1> ALIVE_MSG
DEBUG Skeleton node is ready
DEBUG Alive message sent to pivot node
DEBUG Skeleton node initialized: 22
DEBUG Started node id: 24
DEBUG Nodes {0, 1, 2, 3, 4, 5, 6, 7, 8, 9, 10, 11, 12, 13, 14, 15, 16, 17, 18, 19, 20, 21, 22, 23} is ready
DEBUG Alive message sent to pivot node
DEBUG Skeleton node initialized: 23
INFO <24, 00:58:16, 24, -1> ALIVE_MSG
DEBUG Skeleton node is ready
DEBUG Started node id: 25
INFO <25, 00:58:16, 25, -1> ALIVE_MSG
DEBUG Skeleton node is ready
DEBUG Started node id: 26
DEBUG Nodes {0, 1, 2, 3, 4, 5, 6, 7, 8, 9, 10, 11, 12, 13, 14, 15, 16, 17, 18, 19, 20, 21, 22, 23, 24} is ready
INFO <26, 00:58:16, 26, -1> ALIVE_MSG
DEBUG Skeleton node is ready
DEBUG Started node id: 27
DEBUG Alive message sent to pivot node
DEBUG Skeleton node initialized: 24
DEBUG Nodes {0, 1, 2, 3, 4, 5, 6, 7, 8, 9, 10, 11, 12, 13, 14, 15, 16, 17, 18, 19, 20, 21, 22, 23, 24, 26} is ready
DEBUG Nodes {0, 1, 2, 3, 4, 5, 6, 7, 8, 9, 10, 11, 12, 13, 14, 15, 16, 17, 18, 19, 20, 21, 22, 23, 24, 25, 26} is ready
DEBUG Skeleton node is ready
INFO <27, 00:58:16, 27, -1> ALIVE_MSG
DEBUG Alive message sent to pivot node
DEBUG Alive message sent to pivot node
DEBUG Started node id: 28
DEBUG Skeleton node initialized: 26
DEBUG Skeleton node initialized: 25
INFO <28, 00:58:16, 28, -1> ALIVE_MSG
DEBUG Skeleton node is ready
DEBUG Nodes {0, 1, 2, 3, 4, 5, 6, 7, 8, 9, 10, 11, 12, 13, 14, 15, 16, 17, 18, 19, 20, 21, 22, 23, 24, 25, 26, 27} is ready
DEBUG Started node id: 29
DEBUG Alive message sent to pivot node
DEBUG Skeleton node initialized: 27
DEBUG Nodes {0, 1, 2, 3, 4, 5, 6, 7, 8, 9, 10, 11, 12, 13, 14, 15, 16, 17, 18, 19, 20, 21, 22, 23, 24, 25, 26, 27, 28} is ready
INFO <29, 00:58:17, 29, -1> ALIVE_MSG
DEBUG Skeleton node is ready
DEBUG Alive message sent to pivot node
DEBUG Started node id: 30
DEBUG Skeleton node initialized: 28
DEBUG Nodes {0, 1, 2, 3, 4, 5, 6, 7, 8, 9, 10, 11, 12, 13, 14, 15, 16, 17, 18, 19, 20, 21, 22, 23, 24, 25, 26, 27, 28, 29} is ready
INFO <30, 00:58:17, 30, -1> ALIVE_MSG
DEBUG Skeleton node is ready
DEBUG Alive message sent to pivot node
DEBUG Started node id: 31
DEBUG Skeleton node initialized: 29
DEBUG Nodes {0, 1, 2, 3, 4, 5, 6, 7, 8, 9, 10, 11, 12, 13, 14, 15, 16, 17, 18, 19, 20, 21, 22, 23, 24, 25, 26, 27, 28, 29, 30} is ready
DEBUG Alive message sent to pivot node
DEBUG Skeleton node initialized: 30
INFO <31, 00:58:17, 31, -1> ALIVE_MSG
DEBUG Skeleton node is ready
DEBUG Started node id: 32
INFO <32, 00:58:17, 32, -1> ALIVE_MSG
DEBUG Nodes {0, 1, 2, 3, 4, 5, 6, 7, 8, 9, 10, 11, 12, 13, 14, 15, 16, 17, 18, 19, 20, 21, 22, 23, 24, 25, 26, 27, 28, 29, 30, 31} is ready
DEBUG Alive message sent to pivot node
DEBUG Skeleton node initialized: 31
DEBUG Skeleton node is ready
DEBUG Nodes {0, 1, 2, 3, 4, 5, 6, 7, 8, 9, 10, 11, 12, 13, 14, 15, 16, 17, 18, 19, 20, 21, 22, 23, 24, 25, 26, 27, 28, 29, 30, 31, 32} is ready
DEBUG Started node id: 33
DEBUG Alive message sent to pivot node
DEBUG Skeleton node initialized: 32
INFO <33, 00:58:17, 33, -1> ALIVE_MSG
DEBUG Skeleton node is ready
DEBUG Started node id: 34
DEBUG Nodes {0, 1, 2, 3, 4, 5, 6, 7, 8, 9, 10, 11, 12, 13, 14, 15, 16, 17, 18, 19, 20, 21, 22, 23, 24, 25, 26, 27, 28, 29, 30, 31, 32, 33} is ready
DEBUG Alive message sent to pivot node
DEBUG Skeleton node initialized: 33
INFO <34, 00:58:17, 34, -1> ALIVE_MSG
DEBUG Skeleton node is ready
DEBUG Started node id: 35
INFO <35, 00:58:17, 35, -1> ALIVE_MSG
DEBUG Nodes {0, 1, 2, 3, 4, 5, 6, 7, 8, 9, 10, 11, 12, 13, 14, 15, 16, 17, 18, 19, 20, 21, 22, 23, 24, 25, 26, 27, 28, 29, 30, 31, 32, 33, 34} is ready
DEBUG Skeleton node is ready
DEBUG Started node id: 36
DEBUG Alive message sent to pivot node
DEBUG Skeleton node initialized: 34
INFO <36, 00:58:17, 36, -1> ALIVE_MSG
DEBUG Skeleton node is ready
DEBUG Nodes {0, 1, 2, 3, 4, 5, 6, 7, 8, 9, 10, 11, 12, 13, 14, 15, 16, 17, 18, 19, 20, 21, 22, 23, 24, 25, 26, 27, 28, 29, 30, 31, 32, 33, 34, 35} is ready
DEBUG Alive message sent to pivot node
DEBUG Skeleton node initialized: 35
DEBUG Nodes {0, 1, 2, 3, 4, 5, 6, 7, 8, 9, 10, 11, 12, 13, 14, 15, 16, 17, 18, 19, 20, 21, 22, 23, 24, 25, 26, 27, 28, 29, 30, 31, 32, 33, 34, 35, 36} is ready
DEBUG All nodes are ready
DEBUG Initialized connections for node id: 0
DEBUG Alive message sent to pivot node
DEBUG Connections initialized
DEBUG Skeleton node initialized: 36
DEBUG Initialized connections for node id: 1
DEBUG Connections initialized
DEBUG Initialized connections for node id: 2
DEBUG Connections initialized
DEBUG Initialized connections for node id: 3
DEBUG Connections initialized
DEBUG Initialized connections for node id: 4
DEBUG Connections initialized
DEBUG Initialized connections for node id: 5
DEBUG Connections initialized
DEBUG Initialized connections for node id: 6
DEBUG Connections initialized
DEBUG Initialized connections for node id: 7
DEBUG Connections initialized
DEBUG Initialized connections for node id: 8
DEBUG Connections initialized
DEBUG Initialized connections for node id: 9
DEBUG Connections initialized
DEBUG Initialized connections for node id: 10
DEBUG Connections initialized
DEBUG Initialized connections for node id: 11
DEBUG Connections initialized
DEBUG Initialized connections for node id: 12
DEBUG Connections initialized
DEBUG Initialized connections for node id: 13
DEBUG Connections initialized
DEBUG Initialized connections for node id: 14
DEBUG Connections initialized
DEBUG Initialized connections for node id: 15
DEBUG Connections initialized
DEBUG Initialized connections for node id: 16
DEBUG Connections initialized
DEBUG Initialized connections for node id: 17
DEBUG Connections initialized
DEBUG Initialized connections for node id: 18
DEBUG Connections initialized
DEBUG Initialized connections for node id: 19
DEBUG Connections initialized
DEBUG Initialized connections for node id: 20
DEBUG Connections initialized
DEBUG Initialized connections for node id: 21
DEBUG Connections initialized
DEBUG Initialized connections for node id: 22
DEBUG Connections initialized
DEBUG Initialized connections for node id: 23
DEBUG Connections initialized
DEBUG Initialized connections for node id: 24
DEBUG Connections initialized
DEBUG Initialized connections for node id: 25
DEBUG Connections initialized
DEBUG Initialized connections for node id: 26
DEBUG Connections initialized
DEBUG Initialized connections for node id: 27
DEBUG Connections initialized
DEBUG Initialized connections for node id: 28
DEBUG Connections initialized
DEBUG Initialized connections for node id: 29
DEBUG Connections initialized
DEBUG Initialized connections for node id: 30
DEBUG Connections initialized
DEBUG Initialized connections for node id: 31
DEBUG Connections initialized
DEBUG Initialized connections for node id: 32
DEBUG Connections initialized
DEBUG Initialized connections for node id: 33
DEBUG Connections initialized
DEBUG Initialized connections for node id: 34
DEBUG Connections initialized
DEBUG Initialized connections for node id: 35
DEBUG Connections initialized
DEBUG Initialized connections for node id: 36
DEBUG Connections initialized
DEBUG Sending election message 0 to Direction.NEXT
INFO <1, 00:58:18, 0, 1> ALGORITHM
DEBUG Sending election message 1 to Direction.NEXT
INFO <2, 00:58:18, 1, 2> ALGORITHM
DEBUG Sending election message 2 to Direction.NEXT
INFO <3, 00:58:18, 2, 3> ALGORITHM
DEBUG Sending election message 3 to Direction.NEXT
INFO <4, 00:58:18, 3, 4> ALGORITHM
DEBUG Sending election message 4 to Direction.NEXT
INFO <5, 00:58:18, 4, 5> ALGORITHM
DEBUG Sending election message 5 to Direction.NEXT
INFO <6, 00:58:18, 5, 6> ALGORITHM
DEBUG Sending election message 6 to Direction.NEXT
INFO <7, 00:58:18, 6, 7> ALGORITHM
DEBUG Sending election message 7 to Direction.NEXT
INFO <8, 00:58:18, 7, 8> ALGORITHM
DEBUG Sending election message 8 to Direction.NEXT
INFO <9, 00:58:18, 8, 9> ALGORITHM
DEBUG Sending election message 9 to Direction.NEXT
INFO <10, 00:58:18, 9, 10> ALGORITHM
DEBUG Sending election message 10 to Direction.NEXT
INFO <11, 00:58:18, 10, 11> ALGORITHM
DEBUG Sending election message 11 to Direction.NEXT
INFO <12, 00:58:18, 11, 12> ALGORITHM
DEBUG Sending election message 12 to Direction.NEXT
INFO <13, 00:58:18, 12, 13> ALGORITHM
DEBUG Sending election message 13 to Direction.NEXT
INFO <14, 00:58:18, 13, 14> ALGORITHM
DEBUG Sending election message 14 to Direction.NEXT
INFO <15, 00:58:18, 14, 15> ALGORITHM
DEBUG Sending election message 15 to Direction.NEXT
INFO <16, 00:58:18, 15, 16> ALGORITHM
DEBUG Sending election message 16 to Direction.NEXT
INFO <17, 00:58:18, 16, 17> ALGORITHM
DEBUG Sending election message 17 to Direction.NEXT
INFO <18, 00:58:18, 17, 18> ALGORITHM
DEBUG Sending election message 18 to Direction.NEXT
INFO <19, 00:58:18, 18, 19> ALGORITHM
DEBUG Sending election message 19 to Direction.NEXT
INFO <20, 00:58:18, 19, 20> ALGORITHM
DEBUG Sending election message 20 to Direction.NEXT
INFO <21, 00:58:18, 20, 21> ALGORITHM
DEBUG Sending election message 21 to Direction.NEXT
INFO <22, 00:58:18, 21, 22> ALGORITHM
DEBUG Sending election message 22 to Direction.NEXT
INFO <23, 00:58:18, 22, 23> ALGORITHM
DEBUG Sending election message 23 to Direction.NEXT
INFO <24, 00:58:18, 23, 24> ALGORITHM
DEBUG Sending election message 24 to Direction.NEXT
INFO <25, 00:58:18, 24, 25> ALGORITHM
DEBUG Sending election message 25 to Direction.NEXT
INFO <26, 00:58:18, 25, 26> ALGORITHM
DEBUG Sending election message 26 to Direction.NEXT
INFO <27, 00:58:18, 26, 27> ALGORITHM
DEBUG Sending election message 27 to Direction.NEXT
INFO <28, 00:58:18, 27, 28> ALGORITHM
DEBUG Sending election message 28 to Direction.NEXT
INFO <29, 00:58:18, 28, 29> ALGORITHM
DEBUG Sending election message 29 to Direction.NEXT
INFO <30, 00:58:18, 29, 30> ALGORITHM
DEBUG Sending election message 30 to Direction.NEXT
INFO <31, 00:58:18, 30, 31> ALGORITHM
DEBUG Sending election message 31 to Direction.NEXT
INFO <32, 00:58:18, 31, 32> ALGORITHM
DEBUG Sending election message 32 to Direction.NEXT
INFO <33, 00:58:18, 32, 33> ALGORITHM
DEBUG Sending election message 33 to Direction.NEXT
INFO <34, 00:58:18, 33, 34> ALGORITHM
DEBUG Sending election message 34 to Direction.NEXT
INFO <35, 00:58:18, 34, 35> ALGORITHM
DEBUG Sending election message 35 to Direction.NEXT
INFO <36, 00:58:18, 35, 36> ALGORITHM
DEBUG Sending election message 36 to Direction.NEXT
INFO <0, 00:58:18, 36, 0> ALGORITHM
DEBUG Sending election message 0 to Direction.NEXT
INFO <1, 00:58:18, 0, 1> ALGORITHM
DEBUG I am defeated 1 by 0
DEBUG Sending election message 0 to Direction.NEXT
INFO <2, 00:58:18, 0, 2> ALGORITHM
DEBUG I am defeated 2 by 0
DEBUG Sending election message 0 to Direction.NEXT
INFO <3, 00:58:18, 0, 3> ALGORITHM
DEBUG I am defeated 3 by 0
DEBUG Sending election message 0 to Direction.NEXT
INFO <4, 00:58:18, 0, 4> ALGORITHM
DEBUG I am defeated 4 by 0
DEBUG Sending election message 0 to Direction.NEXT
INFO <5, 00:58:18, 0, 5> ALGORITHM
DEBUG I am defeated 5 by 0
DEBUG Sending election message 0 to Direction.NEXT
INFO <6, 00:58:18, 0, 6> ALGORITHM
DEBUG I am defeated 6 by 0
DEBUG Sending election message 0 to Direction.NEXT
INFO <7, 00:58:18, 0, 7> ALGORITHM
DEBUG I am defeated 7 by 0
DEBUG Sending election message 0 to Direction.NEXT
INFO <8, 00:58:18, 0, 8> ALGORITHM
DEBUG I am defeated 8 by 0
DEBUG Sending election message 0 to Direction.NEXT
INFO <9, 00:58:18, 0, 9> ALGORITHM
DEBUG I am defeated 9 by 0
DEBUG Sending election message 0 to Direction.NEXT
INFO <10, 00:58:18, 0, 10> ALGORITHM
DEBUG I am defeated 10 by 0
DEBUG Sending election message 0 to Direction.NEXT
INFO <11, 00:58:18, 0, 11> ALGORITHM
DEBUG I am defeated 11 by 0
DEBUG Sending election message 0 to Direction.NEXT
INFO <12, 00:58:18, 0, 12> ALGORITHM
DEBUG I am defeated 12 by 0
DEBUG Sending election message 0 to Direction.NEXT
INFO <13, 00:58:18, 0, 13> ALGORITHM
DEBUG I am defeated 13 by 0
DEBUG Sending election message 0 to Direction.NEXT
INFO <14, 00:58:18, 0, 14> ALGORITHM
DEBUG I am defeated 14 by 0
DEBUG Sending election message 0 to Direction.NEXT
INFO <15, 00:58:18, 0, 15> ALGORITHM
DEBUG I am defeated 15 by 0
DEBUG Sending election message 0 to Direction.NEXT
INFO <16, 00:58:18, 0, 16> ALGORITHM
DEBUG I am defeated 16 by 0
DEBUG Sending election message 0 to Direction.NEXT
INFO <17, 00:58:18, 0, 17> ALGORITHM
DEBUG I am defeated 17 by 0
DEBUG Sending election message 0 to Direction.NEXT
INFO <18, 00:58:18, 0, 18> ALGORITHM
DEBUG I am defeated 18 by 0
DEBUG Sending election message 0 to Direction.NEXT
INFO <19, 00:58:18, 0, 19> ALGORITHM
DEBUG I am defeated 19 by 0
DEBUG Sending election message 0 to Direction.NEXT
INFO <20, 00:58:18, 0, 20> ALGORITHM
DEBUG I am defeated 20 by 0
DEBUG Sending election message 0 to Direction.NEXT
INFO <21, 00:58:18, 0, 21> ALGORITHM
DEBUG I am defeated 21 by 0
DEBUG Sending election message 0 to Direction.NEXT
INFO <22, 00:58:18, 0, 22> ALGORITHM
DEBUG I am defeated 22 by 0
DEBUG Sending election message 0 to Direction.NEXT
INFO <23, 00:58:18, 0, 23> ALGORITHM
DEBUG I am defeated 23 by 0
DEBUG Sending election message 0 to Direction.NEXT
INFO <24, 00:58:18, 0, 24> ALGORITHM
DEBUG I am defeated 24 by 0
DEBUG Sending election message 0 to Direction.NEXT
INFO <25, 00:58:18, 0, 25> ALGORITHM
DEBUG I am defeated 25 by 0
DEBUG Sending election message 0 to Direction.NEXT
INFO <26, 00:58:18, 0, 26> ALGORITHM
DEBUG I am defeated 26 by 0
DEBUG Sending election message 0 to Direction.NEXT
INFO <27, 00:58:18, 0, 27> ALGORITHM
DEBUG I am defeated 27 by 0
DEBUG Sending election message 0 to Direction.NEXT
INFO <28, 00:58:18, 0, 28> ALGORITHM
DEBUG I am defeated 28 by 0
DEBUG Sending election message 0 to Direction.NEXT
INFO <29, 00:58:18, 0, 29> ALGORITHM
DEBUG I am defeated 29 by 0
DEBUG Sending election message 0 to Direction.NEXT
INFO <30, 00:58:18, 0, 30> ALGORITHM
DEBUG I am defeated 30 by 0
DEBUG Sending election message 0 to Direction.NEXT
INFO <31, 00:58:18, 0, 31> ALGORITHM
DEBUG I am defeated 31 by 0
DEBUG Sending election message 0 to Direction.NEXT
INFO <32, 00:58:18, 0, 32> ALGORITHM
DEBUG I am defeated 32 by 0
DEBUG Sending election message 0 to Direction.NEXT
INFO <33, 00:58:18, 0, 33> ALGORITHM
DEBUG I am defeated 33 by 0
DEBUG Sending election message 0 to Direction.NEXT
INFO <34, 00:58:18, 0, 34> ALGORITHM
DEBUG I am defeated 34 by 0
DEBUG Sending election message 0 to Direction.NEXT
INFO <35, 00:58:18, 0, 35> ALGORITHM
DEBUG I am defeated 35 by 0
DEBUG Sending election message 0 to Direction.NEXT
INFO <36, 00:58:18, 0, 36> ALGORITHM
DEBUG I am defeated 36 by 0
DEBUG Sending election message 0 to Direction.NEXT
INFO <0, 00:58:18, 0, 0> ALGORITHM
DEBUG I am the leader 0
DEBUG Sending termination message from 0 to 0 Direction.NEXT
DEBUG Termination message on 1 received from 0
DEBUG Sending termination message from 1 to 0 Direction.NEXT
DEBUG Termination message on 2 received from 0
DEBUG Sending termination message from 2 to 0 Direction.NEXT
DEBUG Termination message on 3 received from 0
DEBUG Sending termination message from 3 to 0 Direction.NEXT
DEBUG Termination message on 4 received from 0
DEBUG Sending termination message from 4 to 0 Direction.NEXT
DEBUG Termination message on 5 received from 0
DEBUG Sending termination message from 5 to 0 Direction.NEXT
DEBUG Termination message on 6 received from 0
DEBUG Sending termination message from 6 to 0 Direction.NEXT
DEBUG Termination message on 7 received from 0
DEBUG Sending termination message from 7 to 0 Direction.NEXT
DEBUG Termination message on 8 received from 0
DEBUG Sending termination message from 8 to 0 Direction.NEXT
DEBUG Termination message on 9 received from 0
DEBUG Sending termination message from 9 to 0 Direction.NEXT
DEBUG Termination message on 10 received from 0
DEBUG Sending termination message from 10 to 0 Direction.NEXT
DEBUG Termination message on 11 received from 0
DEBUG Sending termination message from 11 to 0 Direction.NEXT
DEBUG Termination message on 12 received from 0
DEBUG Sending termination message from 12 to 0 Direction.NEXT
DEBUG Termination message on 13 received from 0
DEBUG Sending termination message from 13 to 0 Direction.NEXT
DEBUG Termination message on 14 received from 0
DEBUG Sending termination message from 14 to 0 Direction.NEXT
DEBUG Termination message on 15 received from 0
DEBUG Sending termination message from 15 to 0 Direction.NEXT
DEBUG Termination message on 16 received from 0
DEBUG Sending termination message from 16 to 0 Direction.NEXT
DEBUG Termination message on 17 received from 0
DEBUG Sending termination message from 17 to 0 Direction.NEXT
DEBUG Termination message on 18 received from 0
DEBUG Sending termination message from 18 to 0 Direction.NEXT
DEBUG Termination message on 19 received from 0
DEBUG Sending termination message from 19 to 0 Direction.NEXT
DEBUG Termination message on 20 received from 0
DEBUG Sending termination message from 20 to 0 Direction.NEXT
DEBUG Termination message on 21 received from 0
DEBUG Sending termination message from 21 to 0 Direction.NEXT
DEBUG Termination message on 22 received from 0
DEBUG Sending termination message from 22 to 0 Direction.NEXT
DEBUG Termination message on 23 received from 0
DEBUG Sending termination message from 23 to 0 Direction.NEXT
DEBUG Termination message on 24 received from 0
DEBUG Sending termination message from 24 to 0 Direction.NEXT
DEBUG Termination message on 25 received from 0
DEBUG Sending termination message from 25 to 0 Direction.NEXT
DEBUG Termination message on 26 received from 0
DEBUG Sending termination message from 26 to 0 Direction.NEXT
DEBUG Termination message on 27 received from 0
DEBUG Sending termination message from 27 to 0 Direction.NEXT
DEBUG Termination message on 28 received from 0
DEBUG Sending termination message from 28 to 0 Direction.NEXT
DEBUG Termination message on 29 received from 0
DEBUG Sending termination message from 29 to 0 Direction.NEXT
DEBUG Termination message on 30 received from 0
DEBUG Sending termination message from 30 to 0 Direction.NEXT
DEBUG Termination message on 31 received from 0
DEBUG Sending termination message from 31 to 0 Direction.NEXT
DEBUG Termination message on 32 received from 0
DEBUG Sending termination message from 32 to 0 Direction.NEXT
DEBUG Termination message on 33 received from 0
DEBUG Sending termination message from 33 to 0 Direction.NEXT
DEBUG Termination message on 34 received from 0
DEBUG Sending termination message from 34 to 0 Direction.NEXT
DEBUG Termination message on 35 received from 0
DEBUG Sending termination message from 35 to 0 Direction.NEXT
DEBUG Termination message on 36 received from 0
DEBUG Sending termination message from 36 to 0 Direction.NEXT
DEBUG Termination message on 0 received from 0
DEBUG Sending termination message from 0 to 0 Direction.NEXT
DEBUG Termination message on 1 received from 0
